[INFO  - 2021-06-07T22:21:18.452Z] GhostDriver - Main - running on port 50099
[INFO  - 2021-06-07T22:21:20.693Z] Session [af8db920-c7de-11eb-85be-35c12744dd09] - page.settings - {"XSSAuditingEnabled":false,"javascriptCanCloseWindows":true,"javascriptCanOpenWindows":true,"javascriptEnabled":true,"loadImages":true,"localToRemoteUrlAccessEnabled":false,"userAgent":"Mozilla/5.0 (Windows NT 6.2; WOW64) AppleWebKit/538.1 (KHTML, like Gecko) PhantomJS/2.1.1 Safari/538.1","webSecurityEnabled":true}
[INFO  - 2021-06-07T22:21:20.693Z] Session [af8db920-c7de-11eb-85be-35c12744dd09] - page.customHeaders:  - {}
[INFO  - 2021-06-07T22:21:20.694Z] Session [af8db920-c7de-11eb-85be-35c12744dd09] - Session.negotiatedCapabilities - {"browserName":"phantomjs","version":"2.1.1","driverName":"ghostdriver","driverVersion":"1.2.0","platform":"windows-10-32bit","javascriptEnabled":true,"takesScreenshot":true,"handlesAlerts":false,"databaseEnabled":false,"locationContextEnabled":false,"applicationCacheEnabled":false,"browserConnectionEnabled":false,"cssSelectorsEnabled":true,"webStorageEnabled":false,"rotatable":false,"acceptSslCerts":false,"nativeEvents":true,"proxy":{"proxyType":"direct"}}
[INFO  - 2021-06-07T22:21:20.694Z] SessionManagerReqHand - _postNewSessionCommand - New Session Created: af8db920-c7de-11eb-85be-35c12744dd09
[ERROR - 2021-06-07T22:21:22.306Z] Session [af8db920-c7de-11eb-85be-35c12744dd09] - page.onError - msg: TypeError: null is not an object (evaluating 'this.widget.dataset')

  phantomjs://platform/console++.js:263 in error
[ERROR - 2021-06-07T22:21:22.306Z] Session [af8db920-c7de-11eb-85be-35c12744dd09] - page.onError - stack:
  a (https://m.media-amazon.com/images/S/sash/BbGrbt8J7kDPrdu.js:1)
  (anonymous function) (https://m.media-amazon.com/images/S/sash/BbGrbt8J7kDPrdu.js:1)
  forEach (:0)
  value (https://m.media-amazon.com/images/S/sash/BbGrbt8J7kDPrdu.js:1)
  f (https://m.media-amazon.com/images/S/sash/BbGrbt8J7kDPrdu.js:1)
  g (https://m.media-amazon.com/images/S/sash/BbGrbt8J7kDPrdu.js:1)
  e (https://m.media-amazon.com/images/S/sash/BbGrbt8J7kDPrdu.js:1)
  r (https://m.media-amazon.com/images/S/sash/BbGrbt8J7kDPrdu.js:1)
  success (https://m.media-amazon.com/images/S/sash/BbGrbt8J7kDPrdu.js:1)
  k (https://m.media-amazon.com/images/S/sash/EbJ50esdfIcjt2R.js:94)
  fireWith (https://m.media-amazon.com/images/S/sash/EbJ50esdfIcjt2R.js:94)
  d (https://m.media-amazon.com/images/S/sash/EbJ50esdfIcjt2R.js:95)
  (anonymous function) (https://m.media-amazon.com/images/S/sash/EbJ50esdfIcjt2R.js:96)

  phantomjs://platform/console++.js:263 in error
[ERROR - 2021-06-07T22:21:23.377Z] Session [af8db920-c7de-11eb-85be-35c12744dd09] - page.onError - msg: TypeError: null is not an object (evaluating 'this.widget.dataset')

  phantomjs://platform/console++.js:263 in error
[ERROR - 2021-06-07T22:21:23.378Z] Session [af8db920-c7de-11eb-85be-35c12744dd09] - page.onError - stack:
  a (https://m.media-amazon.com/images/S/sash/BbGrbt8J7kDPrdu.js:1)
  (anonymous function) (https://m.media-amazon.com/images/S/sash/BbGrbt8J7kDPrdu.js:1)
  forEach (:0)
  value (https://m.media-amazon.com/images/S/sash/BbGrbt8J7kDPrdu.js:1)
  f (https://m.media-amazon.com/images/S/sash/BbGrbt8J7kDPrdu.js:1)
  g (https://m.media-amazon.com/images/S/sash/BbGrbt8J7kDPrdu.js:1)
  e (https://m.media-amazon.com/images/S/sash/BbGrbt8J7kDPrdu.js:1)
  r (https://m.media-amazon.com/images/S/sash/BbGrbt8J7kDPrdu.js:1)
  success (https://m.media-amazon.com/images/S/sash/BbGrbt8J7kDPrdu.js:1)
  k (https://m.media-amazon.com/images/S/sash/EbJ50esdfIcjt2R.js:94)
  fireWith (https://m.media-amazon.com/images/S/sash/EbJ50esdfIcjt2R.js:94)
  d (https://m.media-amazon.com/images/S/sash/EbJ50esdfIcjt2R.js:95)
  (anonymous function) (https://m.media-amazon.com/images/S/sash/EbJ50esdfIcjt2R.js:96)

  phantomjs://platform/console++.js:263 in error
[ERROR - 2021-06-07T22:21:24.360Z] Session [af8db920-c7de-11eb-85be-35c12744dd09] - page.onError - msg: TypeError: null is not an object (evaluating 'this.widget.dataset')

  phantomjs://platform/console++.js:263 in error
[ERROR - 2021-06-07T22:21:24.360Z] Session [af8db920-c7de-11eb-85be-35c12744dd09] - page.onError - stack:
  a (https://m.media-amazon.com/images/S/sash/BbGrbt8J7kDPrdu.js:1)
  (anonymous function) (https://m.media-amazon.com/images/S/sash/BbGrbt8J7kDPrdu.js:1)
  forEach (:0)
  value (https://m.media-amazon.com/images/S/sash/BbGrbt8J7kDPrdu.js:1)
  f (https://m.media-amazon.com/images/S/sash/BbGrbt8J7kDPrdu.js:1)
  g (https://m.media-amazon.com/images/S/sash/BbGrbt8J7kDPrdu.js:1)
  e (https://m.media-amazon.com/images/S/sash/BbGrbt8J7kDPrdu.js:1)
  r (https://m.media-amazon.com/images/S/sash/BbGrbt8J7kDPrdu.js:1)
  success (https://m.media-amazon.com/images/S/sash/BbGrbt8J7kDPrdu.js:1)
  k (https://m.media-amazon.com/images/S/sash/EbJ50esdfIcjt2R.js:94)
  fireWith (https://m.media-amazon.com/images/S/sash/EbJ50esdfIcjt2R.js:94)
  d (https://m.media-amazon.com/images/S/sash/EbJ50esdfIcjt2R.js:95)
  (anonymous function) (https://m.media-amazon.com/images/S/sash/EbJ50esdfIcjt2R.js:96)

  phantomjs://platform/console++.js:263 in error
[ERROR - 2021-06-07T22:21:25.444Z] Session [af8db920-c7de-11eb-85be-35c12744dd09] - page.onError - msg: TypeError: null is not an object (evaluating 'this.widget.dataset')

  phantomjs://platform/console++.js:263 in error
[ERROR - 2021-06-07T22:21:25.444Z] Session [af8db920-c7de-11eb-85be-35c12744dd09] - page.onError - stack:
  a (https://m.media-amazon.com/images/S/sash/BbGrbt8J7kDPrdu.js:1)
  (anonymous function) (https://m.media-amazon.com/images/S/sash/BbGrbt8J7kDPrdu.js:1)
  forEach (:0)
  value (https://m.media-amazon.com/images/S/sash/BbGrbt8J7kDPrdu.js:1)
  f (https://m.media-amazon.com/images/S/sash/BbGrbt8J7kDPrdu.js:1)
  g (https://m.media-amazon.com/images/S/sash/BbGrbt8J7kDPrdu.js:1)
  e (https://m.media-amazon.com/images/S/sash/BbGrbt8J7kDPrdu.js:1)
  r (https://m.media-amazon.com/images/S/sash/BbGrbt8J7kDPrdu.js:1)
  success (https://m.media-amazon.com/images/S/sash/BbGrbt8J7kDPrdu.js:1)
  k (https://m.media-amazon.com/images/S/sash/EbJ50esdfIcjt2R.js:94)
  fireWith (https://m.media-amazon.com/images/S/sash/EbJ50esdfIcjt2R.js:94)
  d (https://m.media-amazon.com/images/S/sash/EbJ50esdfIcjt2R.js:95)
  (anonymous function) (https://m.media-amazon.com/images/S/sash/EbJ50esdfIcjt2R.js:96)

  phantomjs://platform/console++.js:263 in error
[ERROR - 2021-06-07T22:21:26.440Z] Session [af8db920-c7de-11eb-85be-35c12744dd09] - page.onError - msg: TypeError: null is not an object (evaluating 'this.widget.dataset')

  phantomjs://platform/console++.js:263 in error
[ERROR - 2021-06-07T22:21:26.440Z] Session [af8db920-c7de-11eb-85be-35c12744dd09] - page.onError - stack:
  a (https://m.media-amazon.com/images/S/sash/BbGrbt8J7kDPrdu.js:1)
  (anonymous function) (https://m.media-amazon.com/images/S/sash/BbGrbt8J7kDPrdu.js:1)
  forEach (:0)
  value (https://m.media-amazon.com/images/S/sash/BbGrbt8J7kDPrdu.js:1)
  f (https://m.media-amazon.com/images/S/sash/BbGrbt8J7kDPrdu.js:1)
  g (https://m.media-amazon.com/images/S/sash/BbGrbt8J7kDPrdu.js:1)
  e (https://m.media-amazon.com/images/S/sash/BbGrbt8J7kDPrdu.js:1)
  r (https://m.media-amazon.com/images/S/sash/BbGrbt8J7kDPrdu.js:1)
  success (https://m.media-amazon.com/images/S/sash/BbGrbt8J7kDPrdu.js:1)
  k (https://m.media-amazon.com/images/S/sash/EbJ50esdfIcjt2R.js:94)
  fireWith (https://m.media-amazon.com/images/S/sash/EbJ50esdfIcjt2R.js:94)
  d (https://m.media-amazon.com/images/S/sash/EbJ50esdfIcjt2R.js:95)
  (anonymous function) (https://m.media-amazon.com/images/S/sash/EbJ50esdfIcjt2R.js:96)

  phantomjs://platform/console++.js:263 in error
[ERROR - 2021-06-07T22:21:27.467Z] Session [af8db920-c7de-11eb-85be-35c12744dd09] - page.onError - msg: TypeError: null is not an object (evaluating 'this.widget.dataset')

  phantomjs://platform/console++.js:263 in error
[ERROR - 2021-06-07T22:21:27.467Z] Session [af8db920-c7de-11eb-85be-35c12744dd09] - page.onError - stack:
  a (https://m.media-amazon.com/images/S/sash/BbGrbt8J7kDPrdu.js:1)
  (anonymous function) (https://m.media-amazon.com/images/S/sash/BbGrbt8J7kDPrdu.js:1)
  forEach (:0)
  value (https://m.media-amazon.com/images/S/sash/BbGrbt8J7kDPrdu.js:1)
  f (https://m.media-amazon.com/images/S/sash/BbGrbt8J7kDPrdu.js:1)
  g (https://m.media-amazon.com/images/S/sash/BbGrbt8J7kDPrdu.js:1)
  e (https://m.media-amazon.com/images/S/sash/BbGrbt8J7kDPrdu.js:1)
  r (https://m.media-amazon.com/images/S/sash/BbGrbt8J7kDPrdu.js:1)
  success (https://m.media-amazon.com/images/S/sash/BbGrbt8J7kDPrdu.js:1)
  k (https://m.media-amazon.com/images/S/sash/EbJ50esdfIcjt2R.js:94)
  fireWith (https://m.media-amazon.com/images/S/sash/EbJ50esdfIcjt2R.js:94)
  d (https://m.media-amazon.com/images/S/sash/EbJ50esdfIcjt2R.js:95)
  (anonymous function) (https://m.media-amazon.com/images/S/sash/EbJ50esdfIcjt2R.js:96)

  phantomjs://platform/console++.js:263 in error
[ERROR - 2021-06-07T22:21:28.507Z] Session [af8db920-c7de-11eb-85be-35c12744dd09] - page.onError - msg: TypeError: null is not an object (evaluating 'this.widget.dataset')

  phantomjs://platform/console++.js:263 in error
[ERROR - 2021-06-07T22:21:28.507Z] Session [af8db920-c7de-11eb-85be-35c12744dd09] - page.onError - stack:
  a (https://m.media-amazon.com/images/S/sash/BbGrbt8J7kDPrdu.js:1)
  (anonymous function) (https://m.media-amazon.com/images/S/sash/BbGrbt8J7kDPrdu.js:1)
  forEach (:0)
  value (https://m.media-amazon.com/images/S/sash/BbGrbt8J7kDPrdu.js:1)
  f (https://m.media-amazon.com/images/S/sash/BbGrbt8J7kDPrdu.js:1)
  g (https://m.media-amazon.com/images/S/sash/BbGrbt8J7kDPrdu.js:1)
  e (https://m.media-amazon.com/images/S/sash/BbGrbt8J7kDPrdu.js:1)
  r (https://m.media-amazon.com/images/S/sash/BbGrbt8J7kDPrdu.js:1)
  success (https://m.media-amazon.com/images/S/sash/BbGrbt8J7kDPrdu.js:1)
  k (https://m.media-amazon.com/images/S/sash/EbJ50esdfIcjt2R.js:94)
  fireWith (https://m.media-amazon.com/images/S/sash/EbJ50esdfIcjt2R.js:94)
  d (https://m.media-amazon.com/images/S/sash/EbJ50esdfIcjt2R.js:95)
  (anonymous function) (https://m.media-amazon.com/images/S/sash/EbJ50esdfIcjt2R.js:96)

  phantomjs://platform/console++.js:263 in error
[ERROR - 2021-06-07T22:21:29.528Z] Session [af8db920-c7de-11eb-85be-35c12744dd09] - page.onError - msg: TypeError: null is not an object (evaluating 'this.widget.dataset')

  phantomjs://platform/console++.js:263 in error
[ERROR - 2021-06-07T22:21:29.528Z] Session [af8db920-c7de-11eb-85be-35c12744dd09] - page.onError - stack:
  a (https://m.media-amazon.com/images/S/sash/BbGrbt8J7kDPrdu.js:1)
  (anonymous function) (https://m.media-amazon.com/images/S/sash/BbGrbt8J7kDPrdu.js:1)
  forEach (:0)
  value (https://m.media-amazon.com/images/S/sash/BbGrbt8J7kDPrdu.js:1)
  f (https://m.media-amazon.com/images/S/sash/BbGrbt8J7kDPrdu.js:1)
  g (https://m.media-amazon.com/images/S/sash/BbGrbt8J7kDPrdu.js:1)
  e (https://m.media-amazon.com/images/S/sash/BbGrbt8J7kDPrdu.js:1)
  r (https://m.media-amazon.com/images/S/sash/BbGrbt8J7kDPrdu.js:1)
  success (https://m.media-amazon.com/images/S/sash/BbGrbt8J7kDPrdu.js:1)
  k (https://m.media-amazon.com/images/S/sash/EbJ50esdfIcjt2R.js:94)
  fireWith (https://m.media-amazon.com/images/S/sash/EbJ50esdfIcjt2R.js:94)
  d (https://m.media-amazon.com/images/S/sash/EbJ50esdfIcjt2R.js:95)
  (anonymous function) (https://m.media-amazon.com/images/S/sash/EbJ50esdfIcjt2R.js:96)

  phantomjs://platform/console++.js:263 in error
[ERROR - 2021-06-07T22:21:30.573Z] Session [af8db920-c7de-11eb-85be-35c12744dd09] - page.onError - msg: TypeError: null is not an object (evaluating 'this.widget.dataset')

  phantomjs://platform/console++.js:263 in error
[ERROR - 2021-06-07T22:21:30.573Z] Session [af8db920-c7de-11eb-85be-35c12744dd09] - page.onError - stack:
  a (https://m.media-amazon.com/images/S/sash/BbGrbt8J7kDPrdu.js:1)
  (anonymous function) (https://m.media-amazon.com/images/S/sash/BbGrbt8J7kDPrdu.js:1)
  forEach (:0)
  value (https://m.media-amazon.com/images/S/sash/BbGrbt8J7kDPrdu.js:1)
  f (https://m.media-amazon.com/images/S/sash/BbGrbt8J7kDPrdu.js:1)
  g (https://m.media-amazon.com/images/S/sash/BbGrbt8J7kDPrdu.js:1)
  e (https://m.media-amazon.com/images/S/sash/BbGrbt8J7kDPrdu.js:1)
  r (https://m.media-amazon.com/images/S/sash/BbGrbt8J7kDPrdu.js:1)
  success (https://m.media-amazon.com/images/S/sash/BbGrbt8J7kDPrdu.js:1)
  k (https://m.media-amazon.com/images/S/sash/EbJ50esdfIcjt2R.js:94)
  fireWith (https://m.media-amazon.com/images/S/sash/EbJ50esdfIcjt2R.js:94)
  d (https://m.media-amazon.com/images/S/sash/EbJ50esdfIcjt2R.js:95)
  (anonymous function) (https://m.media-amazon.com/images/S/sash/EbJ50esdfIcjt2R.js:96)

  phantomjs://platform/console++.js:263 in error
[ERROR - 2021-06-07T22:21:31.611Z] Session [af8db920-c7de-11eb-85be-35c12744dd09] - page.onError - msg: TypeError: null is not an object (evaluating 'this.widget.dataset')

  phantomjs://platform/console++.js:263 in error
[ERROR - 2021-06-07T22:21:31.611Z] Session [af8db920-c7de-11eb-85be-35c12744dd09] - page.onError - stack:
  a (https://m.media-amazon.com/images/S/sash/BbGrbt8J7kDPrdu.js:1)
  (anonymous function) (https://m.media-amazon.com/images/S/sash/BbGrbt8J7kDPrdu.js:1)
  forEach (:0)
  value (https://m.media-amazon.com/images/S/sash/BbGrbt8J7kDPrdu.js:1)
  f (https://m.media-amazon.com/images/S/sash/BbGrbt8J7kDPrdu.js:1)
  g (https://m.media-amazon.com/images/S/sash/BbGrbt8J7kDPrdu.js:1)
  e (https://m.media-amazon.com/images/S/sash/BbGrbt8J7kDPrdu.js:1)
  r (https://m.media-amazon.com/images/S/sash/BbGrbt8J7kDPrdu.js:1)
  success (https://m.media-amazon.com/images/S/sash/BbGrbt8J7kDPrdu.js:1)
  k (https://m.media-amazon.com/images/S/sash/EbJ50esdfIcjt2R.js:94)
  fireWith (https://m.media-amazon.com/images/S/sash/EbJ50esdfIcjt2R.js:94)
  d (https://m.media-amazon.com/images/S/sash/EbJ50esdfIcjt2R.js:95)
  (anonymous function) (https://m.media-amazon.com/images/S/sash/EbJ50esdfIcjt2R.js:96)

  phantomjs://platform/console++.js:263 in error
[ERROR - 2021-06-07T22:21:32.649Z] Session [af8db920-c7de-11eb-85be-35c12744dd09] - page.onError - msg: TypeError: null is not an object (evaluating 'this.widget.dataset')

  phantomjs://platform/console++.js:263 in error
[ERROR - 2021-06-07T22:21:32.649Z] Session [af8db920-c7de-11eb-85be-35c12744dd09] - page.onError - stack:
  a (https://m.media-amazon.com/images/S/sash/BbGrbt8J7kDPrdu.js:1)
  (anonymous function) (https://m.media-amazon.com/images/S/sash/BbGrbt8J7kDPrdu.js:1)
  forEach (:0)
  value (https://m.media-amazon.com/images/S/sash/BbGrbt8J7kDPrdu.js:1)
  f (https://m.media-amazon.com/images/S/sash/BbGrbt8J7kDPrdu.js:1)
  g (https://m.media-amazon.com/images/S/sash/BbGrbt8J7kDPrdu.js:1)
  e (https://m.media-amazon.com/images/S/sash/BbGrbt8J7kDPrdu.js:1)
  r (https://m.media-amazon.com/images/S/sash/BbGrbt8J7kDPrdu.js:1)
  success (https://m.media-amazon.com/images/S/sash/BbGrbt8J7kDPrdu.js:1)
  k (https://m.media-amazon.com/images/S/sash/EbJ50esdfIcjt2R.js:94)
  fireWith (https://m.media-amazon.com/images/S/sash/EbJ50esdfIcjt2R.js:94)
  d (https://m.media-amazon.com/images/S/sash/EbJ50esdfIcjt2R.js:95)
  (anonymous function) (https://m.media-amazon.com/images/S/sash/EbJ50esdfIcjt2R.js:96)

  phantomjs://platform/console++.js:263 in error
[ERROR - 2021-06-07T22:21:33.671Z] Session [af8db920-c7de-11eb-85be-35c12744dd09] - page.onError - msg: TypeError: null is not an object (evaluating 'this.widget.dataset')

  phantomjs://platform/console++.js:263 in error
[ERROR - 2021-06-07T22:21:33.671Z] Session [af8db920-c7de-11eb-85be-35c12744dd09] - page.onError - stack:
  a (https://m.media-amazon.com/images/S/sash/BbGrbt8J7kDPrdu.js:1)
  (anonymous function) (https://m.media-amazon.com/images/S/sash/BbGrbt8J7kDPrdu.js:1)
  forEach (:0)
  value (https://m.media-amazon.com/images/S/sash/BbGrbt8J7kDPrdu.js:1)
  f (https://m.media-amazon.com/images/S/sash/BbGrbt8J7kDPrdu.js:1)
  g (https://m.media-amazon.com/images/S/sash/BbGrbt8J7kDPrdu.js:1)
  e (https://m.media-amazon.com/images/S/sash/BbGrbt8J7kDPrdu.js:1)
  r (https://m.media-amazon.com/images/S/sash/BbGrbt8J7kDPrdu.js:1)
  success (https://m.media-amazon.com/images/S/sash/BbGrbt8J7kDPrdu.js:1)
  k (https://m.media-amazon.com/images/S/sash/EbJ50esdfIcjt2R.js:94)
  fireWith (https://m.media-amazon.com/images/S/sash/EbJ50esdfIcjt2R.js:94)
  d (https://m.media-amazon.com/images/S/sash/EbJ50esdfIcjt2R.js:95)
  (anonymous function) (https://m.media-amazon.com/images/S/sash/EbJ50esdfIcjt2R.js:96)

  phantomjs://platform/console++.js:263 in error
[ERROR - 2021-06-07T22:21:34.719Z] Session [af8db920-c7de-11eb-85be-35c12744dd09] - page.onError - msg: TypeError: null is not an object (evaluating 'this.widget.dataset')

  phantomjs://platform/console++.js:263 in error
[ERROR - 2021-06-07T22:21:34.719Z] Session [af8db920-c7de-11eb-85be-35c12744dd09] - page.onError - stack:
  a (https://m.media-amazon.com/images/S/sash/BbGrbt8J7kDPrdu.js:1)
  (anonymous function) (https://m.media-amazon.com/images/S/sash/BbGrbt8J7kDPrdu.js:1)
  forEach (:0)
  value (https://m.media-amazon.com/images/S/sash/BbGrbt8J7kDPrdu.js:1)
  f (https://m.media-amazon.com/images/S/sash/BbGrbt8J7kDPrdu.js:1)
  g (https://m.media-amazon.com/images/S/sash/BbGrbt8J7kDPrdu.js:1)
  e (https://m.media-amazon.com/images/S/sash/BbGrbt8J7kDPrdu.js:1)
  r (https://m.media-amazon.com/images/S/sash/BbGrbt8J7kDPrdu.js:1)
  success (https://m.media-amazon.com/images/S/sash/BbGrbt8J7kDPrdu.js:1)
  k (https://m.media-amazon.com/images/S/sash/EbJ50esdfIcjt2R.js:94)
  fireWith (https://m.media-amazon.com/images/S/sash/EbJ50esdfIcjt2R.js:94)
  d (https://m.media-amazon.com/images/S/sash/EbJ50esdfIcjt2R.js:95)
  (anonymous function) (https://m.media-amazon.com/images/S/sash/EbJ50esdfIcjt2R.js:96)

  phantomjs://platform/console++.js:263 in error
[ERROR - 2021-06-07T22:21:35.747Z] Session [af8db920-c7de-11eb-85be-35c12744dd09] - page.onError - msg: TypeError: null is not an object (evaluating 'this.widget.dataset')

  phantomjs://platform/console++.js:263 in error
[ERROR - 2021-06-07T22:21:35.747Z] Session [af8db920-c7de-11eb-85be-35c12744dd09] - page.onError - stack:
  a (https://m.media-amazon.com/images/S/sash/BbGrbt8J7kDPrdu.js:1)
  (anonymous function) (https://m.media-amazon.com/images/S/sash/BbGrbt8J7kDPrdu.js:1)
  forEach (:0)
  value (https://m.media-amazon.com/images/S/sash/BbGrbt8J7kDPrdu.js:1)
  f (https://m.media-amazon.com/images/S/sash/BbGrbt8J7kDPrdu.js:1)
  g (https://m.media-amazon.com/images/S/sash/BbGrbt8J7kDPrdu.js:1)
  e (https://m.media-amazon.com/images/S/sash/BbGrbt8J7kDPrdu.js:1)
  r (https://m.media-amazon.com/images/S/sash/BbGrbt8J7kDPrdu.js:1)
  success (https://m.media-amazon.com/images/S/sash/BbGrbt8J7kDPrdu.js:1)
  k (https://m.media-amazon.com/images/S/sash/EbJ50esdfIcjt2R.js:94)
  fireWith (https://m.media-amazon.com/images/S/sash/EbJ50esdfIcjt2R.js:94)
  d (https://m.media-amazon.com/images/S/sash/EbJ50esdfIcjt2R.js:95)
  (anonymous function) (https://m.media-amazon.com/images/S/sash/EbJ50esdfIcjt2R.js:96)

  phantomjs://platform/console++.js:263 in error
[ERROR - 2021-06-07T22:21:36.816Z] Session [af8db920-c7de-11eb-85be-35c12744dd09] - page.onError - msg: TypeError: null is not an object (evaluating 'this.widget.dataset')

  phantomjs://platform/console++.js:263 in error
[ERROR - 2021-06-07T22:21:36.816Z] Session [af8db920-c7de-11eb-85be-35c12744dd09] - page.onError - stack:
  a (https://m.media-amazon.com/images/S/sash/BbGrbt8J7kDPrdu.js:1)
  (anonymous function) (https://m.media-amazon.com/images/S/sash/BbGrbt8J7kDPrdu.js:1)
  forEach (:0)
  value (https://m.media-amazon.com/images/S/sash/BbGrbt8J7kDPrdu.js:1)
  f (https://m.media-amazon.com/images/S/sash/BbGrbt8J7kDPrdu.js:1)
  g (https://m.media-amazon.com/images/S/sash/BbGrbt8J7kDPrdu.js:1)
  e (https://m.media-amazon.com/images/S/sash/BbGrbt8J7kDPrdu.js:1)
  r (https://m.media-amazon.com/images/S/sash/BbGrbt8J7kDPrdu.js:1)
  success (https://m.media-amazon.com/images/S/sash/BbGrbt8J7kDPrdu.js:1)
  k (https://m.media-amazon.com/images/S/sash/EbJ50esdfIcjt2R.js:94)
  fireWith (https://m.media-amazon.com/images/S/sash/EbJ50esdfIcjt2R.js:94)
  d (https://m.media-amazon.com/images/S/sash/EbJ50esdfIcjt2R.js:95)
  (anonymous function) (https://m.media-amazon.com/images/S/sash/EbJ50esdfIcjt2R.js:96)

  phantomjs://platform/console++.js:263 in error
[ERROR - 2021-06-07T22:21:37.873Z] Session [af8db920-c7de-11eb-85be-35c12744dd09] - page.onError - msg: TypeError: null is not an object (evaluating 'this.widget.dataset')

  phantomjs://platform/console++.js:263 in error
[ERROR - 2021-06-07T22:21:37.873Z] Session [af8db920-c7de-11eb-85be-35c12744dd09] - page.onError - stack:
  a (https://m.media-amazon.com/images/S/sash/BbGrbt8J7kDPrdu.js:1)
  (anonymous function) (https://m.media-amazon.com/images/S/sash/BbGrbt8J7kDPrdu.js:1)
  forEach (:0)
  value (https://m.media-amazon.com/images/S/sash/BbGrbt8J7kDPrdu.js:1)
  f (https://m.media-amazon.com/images/S/sash/BbGrbt8J7kDPrdu.js:1)
  g (https://m.media-amazon.com/images/S/sash/BbGrbt8J7kDPrdu.js:1)
  e (https://m.media-amazon.com/images/S/sash/BbGrbt8J7kDPrdu.js:1)
  r (https://m.media-amazon.com/images/S/sash/BbGrbt8J7kDPrdu.js:1)
  success (https://m.media-amazon.com/images/S/sash/BbGrbt8J7kDPrdu.js:1)
  k (https://m.media-amazon.com/images/S/sash/EbJ50esdfIcjt2R.js:94)
  fireWith (https://m.media-amazon.com/images/S/sash/EbJ50esdfIcjt2R.js:94)
  d (https://m.media-amazon.com/images/S/sash/EbJ50esdfIcjt2R.js:95)
  (anonymous function) (https://m.media-amazon.com/images/S/sash/EbJ50esdfIcjt2R.js:96)

  phantomjs://platform/console++.js:263 in error
[ERROR - 2021-06-07T22:21:38.894Z] Session [af8db920-c7de-11eb-85be-35c12744dd09] - page.onError - msg: TypeError: null is not an object (evaluating 'this.widget.dataset')

  phantomjs://platform/console++.js:263 in error
[ERROR - 2021-06-07T22:21:38.894Z] Session [af8db920-c7de-11eb-85be-35c12744dd09] - page.onError - stack:
  a (https://m.media-amazon.com/images/S/sash/BbGrbt8J7kDPrdu.js:1)
  (anonymous function) (https://m.media-amazon.com/images/S/sash/BbGrbt8J7kDPrdu.js:1)
  forEach (:0)
  value (https://m.media-amazon.com/images/S/sash/BbGrbt8J7kDPrdu.js:1)
  f (https://m.media-amazon.com/images/S/sash/BbGrbt8J7kDPrdu.js:1)
  g (https://m.media-amazon.com/images/S/sash/BbGrbt8J7kDPrdu.js:1)
  e (https://m.media-amazon.com/images/S/sash/BbGrbt8J7kDPrdu.js:1)
  r (https://m.media-amazon.com/images/S/sash/BbGrbt8J7kDPrdu.js:1)
  success (https://m.media-amazon.com/images/S/sash/BbGrbt8J7kDPrdu.js:1)
  k (https://m.media-amazon.com/images/S/sash/EbJ50esdfIcjt2R.js:94)
  fireWith (https://m.media-amazon.com/images/S/sash/EbJ50esdfIcjt2R.js:94)
  d (https://m.media-amazon.com/images/S/sash/EbJ50esdfIcjt2R.js:95)
  (anonymous function) (https://m.media-amazon.com/images/S/sash/EbJ50esdfIcjt2R.js:96)

  phantomjs://platform/console++.js:263 in error
[ERROR - 2021-06-07T22:21:39.943Z] Session [af8db920-c7de-11eb-85be-35c12744dd09] - page.onError - msg: TypeError: null is not an object (evaluating 'this.widget.dataset')

  phantomjs://platform/console++.js:263 in error
[ERROR - 2021-06-07T22:21:39.943Z] Session [af8db920-c7de-11eb-85be-35c12744dd09] - page.onError - stack:
  a (https://m.media-amazon.com/images/S/sash/BbGrbt8J7kDPrdu.js:1)
  (anonymous function) (https://m.media-amazon.com/images/S/sash/BbGrbt8J7kDPrdu.js:1)
  forEach (:0)
  value (https://m.media-amazon.com/images/S/sash/BbGrbt8J7kDPrdu.js:1)
  f (https://m.media-amazon.com/images/S/sash/BbGrbt8J7kDPrdu.js:1)
  g (https://m.media-amazon.com/images/S/sash/BbGrbt8J7kDPrdu.js:1)
  e (https://m.media-amazon.com/images/S/sash/BbGrbt8J7kDPrdu.js:1)
  r (https://m.media-amazon.com/images/S/sash/BbGrbt8J7kDPrdu.js:1)
  success (https://m.media-amazon.com/images/S/sash/BbGrbt8J7kDPrdu.js:1)
  k (https://m.media-amazon.com/images/S/sash/EbJ50esdfIcjt2R.js:94)
  fireWith (https://m.media-amazon.com/images/S/sash/EbJ50esdfIcjt2R.js:94)
  d (https://m.media-amazon.com/images/S/sash/EbJ50esdfIcjt2R.js:95)
  (anonymous function) (https://m.media-amazon.com/images/S/sash/EbJ50esdfIcjt2R.js:96)

  phantomjs://platform/console++.js:263 in error
[ERROR - 2021-06-07T22:21:41.015Z] Session [af8db920-c7de-11eb-85be-35c12744dd09] - page.onError - msg: TypeError: null is not an object (evaluating 'this.widget.dataset')

  phantomjs://platform/console++.js:263 in error
[ERROR - 2021-06-07T22:21:41.015Z] Session [af8db920-c7de-11eb-85be-35c12744dd09] - page.onError - stack:
  a (https://m.media-amazon.com/images/S/sash/BbGrbt8J7kDPrdu.js:1)
  (anonymous function) (https://m.media-amazon.com/images/S/sash/BbGrbt8J7kDPrdu.js:1)
  forEach (:0)
  value (https://m.media-amazon.com/images/S/sash/BbGrbt8J7kDPrdu.js:1)
  f (https://m.media-amazon.com/images/S/sash/BbGrbt8J7kDPrdu.js:1)
  g (https://m.media-amazon.com/images/S/sash/BbGrbt8J7kDPrdu.js:1)
  e (https://m.media-amazon.com/images/S/sash/BbGrbt8J7kDPrdu.js:1)
  r (https://m.media-amazon.com/images/S/sash/BbGrbt8J7kDPrdu.js:1)
  success (https://m.media-amazon.com/images/S/sash/BbGrbt8J7kDPrdu.js:1)
  k (https://m.media-amazon.com/images/S/sash/EbJ50esdfIcjt2R.js:94)
  fireWith (https://m.media-amazon.com/images/S/sash/EbJ50esdfIcjt2R.js:94)
  d (https://m.media-amazon.com/images/S/sash/EbJ50esdfIcjt2R.js:95)
  (anonymous function) (https://m.media-amazon.com/images/S/sash/EbJ50esdfIcjt2R.js:96)

  phantomjs://platform/console++.js:263 in error
[ERROR - 2021-06-07T22:21:42.056Z] Session [af8db920-c7de-11eb-85be-35c12744dd09] - page.onError - msg: TypeError: null is not an object (evaluating 'this.widget.dataset')

  phantomjs://platform/console++.js:263 in error
[ERROR - 2021-06-07T22:21:42.056Z] Session [af8db920-c7de-11eb-85be-35c12744dd09] - page.onError - stack:
  a (https://m.media-amazon.com/images/S/sash/BbGrbt8J7kDPrdu.js:1)
  (anonymous function) (https://m.media-amazon.com/images/S/sash/BbGrbt8J7kDPrdu.js:1)
  forEach (:0)
  value (https://m.media-amazon.com/images/S/sash/BbGrbt8J7kDPrdu.js:1)
  f (https://m.media-amazon.com/images/S/sash/BbGrbt8J7kDPrdu.js:1)
  g (https://m.media-amazon.com/images/S/sash/BbGrbt8J7kDPrdu.js:1)
  e (https://m.media-amazon.com/images/S/sash/BbGrbt8J7kDPrdu.js:1)
  r (https://m.media-amazon.com/images/S/sash/BbGrbt8J7kDPrdu.js:1)
  success (https://m.media-amazon.com/images/S/sash/BbGrbt8J7kDPrdu.js:1)
  k (https://m.media-amazon.com/images/S/sash/EbJ50esdfIcjt2R.js:94)
  fireWith (https://m.media-amazon.com/images/S/sash/EbJ50esdfIcjt2R.js:94)
  d (https://m.media-amazon.com/images/S/sash/EbJ50esdfIcjt2R.js:95)
  (anonymous function) (https://m.media-amazon.com/images/S/sash/EbJ50esdfIcjt2R.js:96)

  phantomjs://platform/console++.js:263 in error
[ERROR - 2021-06-07T22:21:43.072Z] Session [af8db920-c7de-11eb-85be-35c12744dd09] - page.onError - msg: TypeError: null is not an object (evaluating 'this.widget.dataset')

  phantomjs://platform/console++.js:263 in error
[ERROR - 2021-06-07T22:21:43.072Z] Session [af8db920-c7de-11eb-85be-35c12744dd09] - page.onError - stack:
  a (https://m.media-amazon.com/images/S/sash/BbGrbt8J7kDPrdu.js:1)
  (anonymous function) (https://m.media-amazon.com/images/S/sash/BbGrbt8J7kDPrdu.js:1)
  forEach (:0)
  value (https://m.media-amazon.com/images/S/sash/BbGrbt8J7kDPrdu.js:1)
  f (https://m.media-amazon.com/images/S/sash/BbGrbt8J7kDPrdu.js:1)
  g (https://m.media-amazon.com/images/S/sash/BbGrbt8J7kDPrdu.js:1)
  e (https://m.media-amazon.com/images/S/sash/BbGrbt8J7kDPrdu.js:1)
  r (https://m.media-amazon.com/images/S/sash/BbGrbt8J7kDPrdu.js:1)
  success (https://m.media-amazon.com/images/S/sash/BbGrbt8J7kDPrdu.js:1)
  k (https://m.media-amazon.com/images/S/sash/EbJ50esdfIcjt2R.js:94)
  fireWith (https://m.media-amazon.com/images/S/sash/EbJ50esdfIcjt2R.js:94)
  d (https://m.media-amazon.com/images/S/sash/EbJ50esdfIcjt2R.js:95)
  (anonymous function) (https://m.media-amazon.com/images/S/sash/EbJ50esdfIcjt2R.js:96)

  phantomjs://platform/console++.js:263 in error
[ERROR - 2021-06-07T22:21:44.156Z] Session [af8db920-c7de-11eb-85be-35c12744dd09] - page.onError - msg: TypeError: null is not an object (evaluating 'this.widget.dataset')

  phantomjs://platform/console++.js:263 in error
[ERROR - 2021-06-07T22:21:44.156Z] Session [af8db920-c7de-11eb-85be-35c12744dd09] - page.onError - stack:
  a (https://m.media-amazon.com/images/S/sash/BbGrbt8J7kDPrdu.js:1)
  (anonymous function) (https://m.media-amazon.com/images/S/sash/BbGrbt8J7kDPrdu.js:1)
  forEach (:0)
  value (https://m.media-amazon.com/images/S/sash/BbGrbt8J7kDPrdu.js:1)
  f (https://m.media-amazon.com/images/S/sash/BbGrbt8J7kDPrdu.js:1)
  g (https://m.media-amazon.com/images/S/sash/BbGrbt8J7kDPrdu.js:1)
  e (https://m.media-amazon.com/images/S/sash/BbGrbt8J7kDPrdu.js:1)
  r (https://m.media-amazon.com/images/S/sash/BbGrbt8J7kDPrdu.js:1)
  success (https://m.media-amazon.com/images/S/sash/BbGrbt8J7kDPrdu.js:1)
  k (https://m.media-amazon.com/images/S/sash/EbJ50esdfIcjt2R.js:94)
  fireWith (https://m.media-amazon.com/images/S/sash/EbJ50esdfIcjt2R.js:94)
  d (https://m.media-amazon.com/images/S/sash/EbJ50esdfIcjt2R.js:95)
  (anonymous function) (https://m.media-amazon.com/images/S/sash/EbJ50esdfIcjt2R.js:96)

  phantomjs://platform/console++.js:263 in error
[ERROR - 2021-06-07T22:21:45.208Z] Session [af8db920-c7de-11eb-85be-35c12744dd09] - page.onError - msg: TypeError: null is not an object (evaluating 'this.widget.dataset')

  phantomjs://platform/console++.js:263 in error
[ERROR - 2021-06-07T22:21:45.208Z] Session [af8db920-c7de-11eb-85be-35c12744dd09] - page.onError - stack:
  a (https://m.media-amazon.com/images/S/sash/BbGrbt8J7kDPrdu.js:1)
  (anonymous function) (https://m.media-amazon.com/images/S/sash/BbGrbt8J7kDPrdu.js:1)
  forEach (:0)
  value (https://m.media-amazon.com/images/S/sash/BbGrbt8J7kDPrdu.js:1)
  f (https://m.media-amazon.com/images/S/sash/BbGrbt8J7kDPrdu.js:1)
  g (https://m.media-amazon.com/images/S/sash/BbGrbt8J7kDPrdu.js:1)
  e (https://m.media-amazon.com/images/S/sash/BbGrbt8J7kDPrdu.js:1)
  r (https://m.media-amazon.com/images/S/sash/BbGrbt8J7kDPrdu.js:1)
  success (https://m.media-amazon.com/images/S/sash/BbGrbt8J7kDPrdu.js:1)
  k (https://m.media-amazon.com/images/S/sash/EbJ50esdfIcjt2R.js:94)
  fireWith (https://m.media-amazon.com/images/S/sash/EbJ50esdfIcjt2R.js:94)
  d (https://m.media-amazon.com/images/S/sash/EbJ50esdfIcjt2R.js:95)
  (anonymous function) (https://m.media-amazon.com/images/S/sash/EbJ50esdfIcjt2R.js:96)

  phantomjs://platform/console++.js:263 in error
[ERROR - 2021-06-07T22:21:46.204Z] Session [af8db920-c7de-11eb-85be-35c12744dd09] - page.onError - msg: TypeError: null is not an object (evaluating 'this.widget.dataset')

  phantomjs://platform/console++.js:263 in error
[ERROR - 2021-06-07T22:21:46.204Z] Session [af8db920-c7de-11eb-85be-35c12744dd09] - page.onError - stack:
  a (https://m.media-amazon.com/images/S/sash/BbGrbt8J7kDPrdu.js:1)
  (anonymous function) (https://m.media-amazon.com/images/S/sash/BbGrbt8J7kDPrdu.js:1)
  forEach (:0)
  value (https://m.media-amazon.com/images/S/sash/BbGrbt8J7kDPrdu.js:1)
  f (https://m.media-amazon.com/images/S/sash/BbGrbt8J7kDPrdu.js:1)
  g (https://m.media-amazon.com/images/S/sash/BbGrbt8J7kDPrdu.js:1)
  e (https://m.media-amazon.com/images/S/sash/BbGrbt8J7kDPrdu.js:1)
  r (https://m.media-amazon.com/images/S/sash/BbGrbt8J7kDPrdu.js:1)
  success (https://m.media-amazon.com/images/S/sash/BbGrbt8J7kDPrdu.js:1)
  k (https://m.media-amazon.com/images/S/sash/EbJ50esdfIcjt2R.js:94)
  fireWith (https://m.media-amazon.com/images/S/sash/EbJ50esdfIcjt2R.js:94)
  d (https://m.media-amazon.com/images/S/sash/EbJ50esdfIcjt2R.js:95)
  (anonymous function) (https://m.media-amazon.com/images/S/sash/EbJ50esdfIcjt2R.js:96)

  phantomjs://platform/console++.js:263 in error
[ERROR - 2021-06-07T22:21:47.249Z] Session [af8db920-c7de-11eb-85be-35c12744dd09] - page.onError - msg: TypeError: null is not an object (evaluating 'this.widget.dataset')

  phantomjs://platform/console++.js:263 in error
[ERROR - 2021-06-07T22:21:47.249Z] Session [af8db920-c7de-11eb-85be-35c12744dd09] - page.onError - stack:
  a (https://m.media-amazon.com/images/S/sash/BbGrbt8J7kDPrdu.js:1)
  (anonymous function) (https://m.media-amazon.com/images/S/sash/BbGrbt8J7kDPrdu.js:1)
  forEach (:0)
  value (https://m.media-amazon.com/images/S/sash/BbGrbt8J7kDPrdu.js:1)
  f (https://m.media-amazon.com/images/S/sash/BbGrbt8J7kDPrdu.js:1)
  g (https://m.media-amazon.com/images/S/sash/BbGrbt8J7kDPrdu.js:1)
  e (https://m.media-amazon.com/images/S/sash/BbGrbt8J7kDPrdu.js:1)
  r (https://m.media-amazon.com/images/S/sash/BbGrbt8J7kDPrdu.js:1)
  success (https://m.media-amazon.com/images/S/sash/BbGrbt8J7kDPrdu.js:1)
  k (https://m.media-amazon.com/images/S/sash/EbJ50esdfIcjt2R.js:94)
  fireWith (https://m.media-amazon.com/images/S/sash/EbJ50esdfIcjt2R.js:94)
  d (https://m.media-amazon.com/images/S/sash/EbJ50esdfIcjt2R.js:95)
  (anonymous function) (https://m.media-amazon.com/images/S/sash/EbJ50esdfIcjt2R.js:96)

  phantomjs://platform/console++.js:263 in error
[ERROR - 2021-06-07T22:21:48.285Z] Session [af8db920-c7de-11eb-85be-35c12744dd09] - page.onError - msg: TypeError: null is not an object (evaluating 'this.widget.dataset')

  phantomjs://platform/console++.js:263 in error
[ERROR - 2021-06-07T22:21:48.285Z] Session [af8db920-c7de-11eb-85be-35c12744dd09] - page.onError - stack:
  a (https://m.media-amazon.com/images/S/sash/BbGrbt8J7kDPrdu.js:1)
  (anonymous function) (https://m.media-amazon.com/images/S/sash/BbGrbt8J7kDPrdu.js:1)
  forEach (:0)
  value (https://m.media-amazon.com/images/S/sash/BbGrbt8J7kDPrdu.js:1)
  f (https://m.media-amazon.com/images/S/sash/BbGrbt8J7kDPrdu.js:1)
  g (https://m.media-amazon.com/images/S/sash/BbGrbt8J7kDPrdu.js:1)
  e (https://m.media-amazon.com/images/S/sash/BbGrbt8J7kDPrdu.js:1)
  r (https://m.media-amazon.com/images/S/sash/BbGrbt8J7kDPrdu.js:1)
  success (https://m.media-amazon.com/images/S/sash/BbGrbt8J7kDPrdu.js:1)
  k (https://m.media-amazon.com/images/S/sash/EbJ50esdfIcjt2R.js:94)
  fireWith (https://m.media-amazon.com/images/S/sash/EbJ50esdfIcjt2R.js:94)
  d (https://m.media-amazon.com/images/S/sash/EbJ50esdfIcjt2R.js:95)
  (anonymous function) (https://m.media-amazon.com/images/S/sash/EbJ50esdfIcjt2R.js:96)

  phantomjs://platform/console++.js:263 in error
[ERROR - 2021-06-07T22:21:49.352Z] Session [af8db920-c7de-11eb-85be-35c12744dd09] - page.onError - msg: TypeError: null is not an object (evaluating 'this.widget.dataset')

  phantomjs://platform/console++.js:263 in error
[ERROR - 2021-06-07T22:21:49.352Z] Session [af8db920-c7de-11eb-85be-35c12744dd09] - page.onError - stack:
  a (https://m.media-amazon.com/images/S/sash/BbGrbt8J7kDPrdu.js:1)
  (anonymous function) (https://m.media-amazon.com/images/S/sash/BbGrbt8J7kDPrdu.js:1)
  forEach (:0)
  value (https://m.media-amazon.com/images/S/sash/BbGrbt8J7kDPrdu.js:1)
  f (https://m.media-amazon.com/images/S/sash/BbGrbt8J7kDPrdu.js:1)
  g (https://m.media-amazon.com/images/S/sash/BbGrbt8J7kDPrdu.js:1)
  e (https://m.media-amazon.com/images/S/sash/BbGrbt8J7kDPrdu.js:1)
  r (https://m.media-amazon.com/images/S/sash/BbGrbt8J7kDPrdu.js:1)
  success (https://m.media-amazon.com/images/S/sash/BbGrbt8J7kDPrdu.js:1)
  k (https://m.media-amazon.com/images/S/sash/EbJ50esdfIcjt2R.js:94)
  fireWith (https://m.media-amazon.com/images/S/sash/EbJ50esdfIcjt2R.js:94)
  d (https://m.media-amazon.com/images/S/sash/EbJ50esdfIcjt2R.js:95)
  (anonymous function) (https://m.media-amazon.com/images/S/sash/EbJ50esdfIcjt2R.js:96)

  phantomjs://platform/console++.js:263 in error
[ERROR - 2021-06-07T22:21:50.403Z] Session [af8db920-c7de-11eb-85be-35c12744dd09] - page.onError - msg: TypeError: null is not an object (evaluating 'this.widget.dataset')

  phantomjs://platform/console++.js:263 in error
[ERROR - 2021-06-07T22:21:50.403Z] Session [af8db920-c7de-11eb-85be-35c12744dd09] - page.onError - stack:
  a (https://m.media-amazon.com/images/S/sash/BbGrbt8J7kDPrdu.js:1)
  (anonymous function) (https://m.media-amazon.com/images/S/sash/BbGrbt8J7kDPrdu.js:1)
  forEach (:0)
  value (https://m.media-amazon.com/images/S/sash/BbGrbt8J7kDPrdu.js:1)
  f (https://m.media-amazon.com/images/S/sash/BbGrbt8J7kDPrdu.js:1)
  g (https://m.media-amazon.com/images/S/sash/BbGrbt8J7kDPrdu.js:1)
  e (https://m.media-amazon.com/images/S/sash/BbGrbt8J7kDPrdu.js:1)
  r (https://m.media-amazon.com/images/S/sash/BbGrbt8J7kDPrdu.js:1)
  success (https://m.media-amazon.com/images/S/sash/BbGrbt8J7kDPrdu.js:1)
  k (https://m.media-amazon.com/images/S/sash/EbJ50esdfIcjt2R.js:94)
  fireWith (https://m.media-amazon.com/images/S/sash/EbJ50esdfIcjt2R.js:94)
  d (https://m.media-amazon.com/images/S/sash/EbJ50esdfIcjt2R.js:95)
  (anonymous function) (https://m.media-amazon.com/images/S/sash/EbJ50esdfIcjt2R.js:96)

  phantomjs://platform/console++.js:263 in error
[ERROR - 2021-06-07T22:21:51.452Z] Session [af8db920-c7de-11eb-85be-35c12744dd09] - page.onError - msg: TypeError: null is not an object (evaluating 'this.widget.dataset')

  phantomjs://platform/console++.js:263 in error
[ERROR - 2021-06-07T22:21:51.452Z] Session [af8db920-c7de-11eb-85be-35c12744dd09] - page.onError - stack:
  a (https://m.media-amazon.com/images/S/sash/BbGrbt8J7kDPrdu.js:1)
  (anonymous function) (https://m.media-amazon.com/images/S/sash/BbGrbt8J7kDPrdu.js:1)
  forEach (:0)
  value (https://m.media-amazon.com/images/S/sash/BbGrbt8J7kDPrdu.js:1)
  f (https://m.media-amazon.com/images/S/sash/BbGrbt8J7kDPrdu.js:1)
  g (https://m.media-amazon.com/images/S/sash/BbGrbt8J7kDPrdu.js:1)
  e (https://m.media-amazon.com/images/S/sash/BbGrbt8J7kDPrdu.js:1)
  r (https://m.media-amazon.com/images/S/sash/BbGrbt8J7kDPrdu.js:1)
  success (https://m.media-amazon.com/images/S/sash/BbGrbt8J7kDPrdu.js:1)
  k (https://m.media-amazon.com/images/S/sash/EbJ50esdfIcjt2R.js:94)
  fireWith (https://m.media-amazon.com/images/S/sash/EbJ50esdfIcjt2R.js:94)
  d (https://m.media-amazon.com/images/S/sash/EbJ50esdfIcjt2R.js:95)
  (anonymous function) (https://m.media-amazon.com/images/S/sash/EbJ50esdfIcjt2R.js:96)

  phantomjs://platform/console++.js:263 in error
[ERROR - 2021-06-07T22:21:52.496Z] Session [af8db920-c7de-11eb-85be-35c12744dd09] - page.onError - msg: TypeError: null is not an object (evaluating 'this.widget.dataset')

  phantomjs://platform/console++.js:263 in error
[ERROR - 2021-06-07T22:21:52.496Z] Session [af8db920-c7de-11eb-85be-35c12744dd09] - page.onError - stack:
  a (https://m.media-amazon.com/images/S/sash/BbGrbt8J7kDPrdu.js:1)
  (anonymous function) (https://m.media-amazon.com/images/S/sash/BbGrbt8J7kDPrdu.js:1)
  forEach (:0)
  value (https://m.media-amazon.com/images/S/sash/BbGrbt8J7kDPrdu.js:1)
  f (https://m.media-amazon.com/images/S/sash/BbGrbt8J7kDPrdu.js:1)
  g (https://m.media-amazon.com/images/S/sash/BbGrbt8J7kDPrdu.js:1)
  e (https://m.media-amazon.com/images/S/sash/BbGrbt8J7kDPrdu.js:1)
  r (https://m.media-amazon.com/images/S/sash/BbGrbt8J7kDPrdu.js:1)
  success (https://m.media-amazon.com/images/S/sash/BbGrbt8J7kDPrdu.js:1)
  k (https://m.media-amazon.com/images/S/sash/EbJ50esdfIcjt2R.js:94)
  fireWith (https://m.media-amazon.com/images/S/sash/EbJ50esdfIcjt2R.js:94)
  d (https://m.media-amazon.com/images/S/sash/EbJ50esdfIcjt2R.js:95)
  (anonymous function) (https://m.media-amazon.com/images/S/sash/EbJ50esdfIcjt2R.js:96)

  phantomjs://platform/console++.js:263 in error
[ERROR - 2021-06-07T22:21:53.577Z] Session [af8db920-c7de-11eb-85be-35c12744dd09] - page.onError - msg: TypeError: null is not an object (evaluating 'this.widget.dataset')

  phantomjs://platform/console++.js:263 in error
[ERROR - 2021-06-07T22:21:53.577Z] Session [af8db920-c7de-11eb-85be-35c12744dd09] - page.onError - stack:
  a (https://m.media-amazon.com/images/S/sash/BbGrbt8J7kDPrdu.js:1)
  (anonymous function) (https://m.media-amazon.com/images/S/sash/BbGrbt8J7kDPrdu.js:1)
  forEach (:0)
  value (https://m.media-amazon.com/images/S/sash/BbGrbt8J7kDPrdu.js:1)
  f (https://m.media-amazon.com/images/S/sash/BbGrbt8J7kDPrdu.js:1)
  g (https://m.media-amazon.com/images/S/sash/BbGrbt8J7kDPrdu.js:1)
  e (https://m.media-amazon.com/images/S/sash/BbGrbt8J7kDPrdu.js:1)
  r (https://m.media-amazon.com/images/S/sash/BbGrbt8J7kDPrdu.js:1)
  success (https://m.media-amazon.com/images/S/sash/BbGrbt8J7kDPrdu.js:1)
  k (https://m.media-amazon.com/images/S/sash/EbJ50esdfIcjt2R.js:94)
  fireWith (https://m.media-amazon.com/images/S/sash/EbJ50esdfIcjt2R.js:94)
  d (https://m.media-amazon.com/images/S/sash/EbJ50esdfIcjt2R.js:95)
  (anonymous function) (https://m.media-amazon.com/images/S/sash/EbJ50esdfIcjt2R.js:96)

  phantomjs://platform/console++.js:263 in error
[ERROR - 2021-06-07T22:21:54.598Z] Session [af8db920-c7de-11eb-85be-35c12744dd09] - page.onError - msg: TypeError: null is not an object (evaluating 'this.widget.dataset')

  phantomjs://platform/console++.js:263 in error
[ERROR - 2021-06-07T22:21:54.598Z] Session [af8db920-c7de-11eb-85be-35c12744dd09] - page.onError - stack:
  a (https://m.media-amazon.com/images/S/sash/BbGrbt8J7kDPrdu.js:1)
  (anonymous function) (https://m.media-amazon.com/images/S/sash/BbGrbt8J7kDPrdu.js:1)
  forEach (:0)
  value (https://m.media-amazon.com/images/S/sash/BbGrbt8J7kDPrdu.js:1)
  f (https://m.media-amazon.com/images/S/sash/BbGrbt8J7kDPrdu.js:1)
  g (https://m.media-amazon.com/images/S/sash/BbGrbt8J7kDPrdu.js:1)
  e (https://m.media-amazon.com/images/S/sash/BbGrbt8J7kDPrdu.js:1)
  r (https://m.media-amazon.com/images/S/sash/BbGrbt8J7kDPrdu.js:1)
  success (https://m.media-amazon.com/images/S/sash/BbGrbt8J7kDPrdu.js:1)
  k (https://m.media-amazon.com/images/S/sash/EbJ50esdfIcjt2R.js:94)
  fireWith (https://m.media-amazon.com/images/S/sash/EbJ50esdfIcjt2R.js:94)
  d (https://m.media-amazon.com/images/S/sash/EbJ50esdfIcjt2R.js:95)
  (anonymous function) (https://m.media-amazon.com/images/S/sash/EbJ50esdfIcjt2R.js:96)

  phantomjs://platform/console++.js:263 in error
[ERROR - 2021-06-07T22:21:55.636Z] Session [af8db920-c7de-11eb-85be-35c12744dd09] - page.onError - msg: TypeError: null is not an object (evaluating 'this.widget.dataset')

  phantomjs://platform/console++.js:263 in error
[ERROR - 2021-06-07T22:21:55.636Z] Session [af8db920-c7de-11eb-85be-35c12744dd09] - page.onError - stack:
  a (https://m.media-amazon.com/images/S/sash/BbGrbt8J7kDPrdu.js:1)
  (anonymous function) (https://m.media-amazon.com/images/S/sash/BbGrbt8J7kDPrdu.js:1)
  forEach (:0)
  value (https://m.media-amazon.com/images/S/sash/BbGrbt8J7kDPrdu.js:1)
  f (https://m.media-amazon.com/images/S/sash/BbGrbt8J7kDPrdu.js:1)
  g (https://m.media-amazon.com/images/S/sash/BbGrbt8J7kDPrdu.js:1)
  e (https://m.media-amazon.com/images/S/sash/BbGrbt8J7kDPrdu.js:1)
  r (https://m.media-amazon.com/images/S/sash/BbGrbt8J7kDPrdu.js:1)
  success (https://m.media-amazon.com/images/S/sash/BbGrbt8J7kDPrdu.js:1)
  k (https://m.media-amazon.com/images/S/sash/EbJ50esdfIcjt2R.js:94)
  fireWith (https://m.media-amazon.com/images/S/sash/EbJ50esdfIcjt2R.js:94)
  d (https://m.media-amazon.com/images/S/sash/EbJ50esdfIcjt2R.js:95)
  (anonymous function) (https://m.media-amazon.com/images/S/sash/EbJ50esdfIcjt2R.js:96)

  phantomjs://platform/console++.js:263 in error
[ERROR - 2021-06-07T22:21:56.687Z] Session [af8db920-c7de-11eb-85be-35c12744dd09] - page.onError - msg: TypeError: null is not an object (evaluating 'this.widget.dataset')

  phantomjs://platform/console++.js:263 in error
[ERROR - 2021-06-07T22:21:56.687Z] Session [af8db920-c7de-11eb-85be-35c12744dd09] - page.onError - stack:
  a (https://m.media-amazon.com/images/S/sash/BbGrbt8J7kDPrdu.js:1)
  (anonymous function) (https://m.media-amazon.com/images/S/sash/BbGrbt8J7kDPrdu.js:1)
  forEach (:0)
  value (https://m.media-amazon.com/images/S/sash/BbGrbt8J7kDPrdu.js:1)
  f (https://m.media-amazon.com/images/S/sash/BbGrbt8J7kDPrdu.js:1)
  g (https://m.media-amazon.com/images/S/sash/BbGrbt8J7kDPrdu.js:1)
  e (https://m.media-amazon.com/images/S/sash/BbGrbt8J7kDPrdu.js:1)
  r (https://m.media-amazon.com/images/S/sash/BbGrbt8J7kDPrdu.js:1)
  success (https://m.media-amazon.com/images/S/sash/BbGrbt8J7kDPrdu.js:1)
  k (https://m.media-amazon.com/images/S/sash/EbJ50esdfIcjt2R.js:94)
  fireWith (https://m.media-amazon.com/images/S/sash/EbJ50esdfIcjt2R.js:94)
  d (https://m.media-amazon.com/images/S/sash/EbJ50esdfIcjt2R.js:95)
  (anonymous function) (https://m.media-amazon.com/images/S/sash/EbJ50esdfIcjt2R.js:96)

  phantomjs://platform/console++.js:263 in error
[ERROR - 2021-06-07T22:21:57.735Z] Session [af8db920-c7de-11eb-85be-35c12744dd09] - page.onError - msg: TypeError: null is not an object (evaluating 'this.widget.dataset')

  phantomjs://platform/console++.js:263 in error
[ERROR - 2021-06-07T22:21:57.735Z] Session [af8db920-c7de-11eb-85be-35c12744dd09] - page.onError - stack:
  a (https://m.media-amazon.com/images/S/sash/BbGrbt8J7kDPrdu.js:1)
  (anonymous function) (https://m.media-amazon.com/images/S/sash/BbGrbt8J7kDPrdu.js:1)
  forEach (:0)
  value (https://m.media-amazon.com/images/S/sash/BbGrbt8J7kDPrdu.js:1)
  f (https://m.media-amazon.com/images/S/sash/BbGrbt8J7kDPrdu.js:1)
  g (https://m.media-amazon.com/images/S/sash/BbGrbt8J7kDPrdu.js:1)
  e (https://m.media-amazon.com/images/S/sash/BbGrbt8J7kDPrdu.js:1)
  r (https://m.media-amazon.com/images/S/sash/BbGrbt8J7kDPrdu.js:1)
  success (https://m.media-amazon.com/images/S/sash/BbGrbt8J7kDPrdu.js:1)
  k (https://m.media-amazon.com/images/S/sash/EbJ50esdfIcjt2R.js:94)
  fireWith (https://m.media-amazon.com/images/S/sash/EbJ50esdfIcjt2R.js:94)
  d (https://m.media-amazon.com/images/S/sash/EbJ50esdfIcjt2R.js:95)
  (anonymous function) (https://m.media-amazon.com/images/S/sash/EbJ50esdfIcjt2R.js:96)

  phantomjs://platform/console++.js:263 in error
[ERROR - 2021-06-07T22:21:58.812Z] Session [af8db920-c7de-11eb-85be-35c12744dd09] - page.onError - msg: TypeError: null is not an object (evaluating 'this.widget.dataset')

  phantomjs://platform/console++.js:263 in error
[ERROR - 2021-06-07T22:21:58.812Z] Session [af8db920-c7de-11eb-85be-35c12744dd09] - page.onError - stack:
  a (https://m.media-amazon.com/images/S/sash/BbGrbt8J7kDPrdu.js:1)
  (anonymous function) (https://m.media-amazon.com/images/S/sash/BbGrbt8J7kDPrdu.js:1)
  forEach (:0)
  value (https://m.media-amazon.com/images/S/sash/BbGrbt8J7kDPrdu.js:1)
  f (https://m.media-amazon.com/images/S/sash/BbGrbt8J7kDPrdu.js:1)
  g (https://m.media-amazon.com/images/S/sash/BbGrbt8J7kDPrdu.js:1)
  e (https://m.media-amazon.com/images/S/sash/BbGrbt8J7kDPrdu.js:1)
  r (https://m.media-amazon.com/images/S/sash/BbGrbt8J7kDPrdu.js:1)
  success (https://m.media-amazon.com/images/S/sash/BbGrbt8J7kDPrdu.js:1)
  k (https://m.media-amazon.com/images/S/sash/EbJ50esdfIcjt2R.js:94)
  fireWith (https://m.media-amazon.com/images/S/sash/EbJ50esdfIcjt2R.js:94)
  d (https://m.media-amazon.com/images/S/sash/EbJ50esdfIcjt2R.js:95)
  (anonymous function) (https://m.media-amazon.com/images/S/sash/EbJ50esdfIcjt2R.js:96)

  phantomjs://platform/console++.js:263 in error
[ERROR - 2021-06-07T22:21:59.854Z] Session [af8db920-c7de-11eb-85be-35c12744dd09] - page.onError - msg: TypeError: null is not an object (evaluating 'this.widget.dataset')

  phantomjs://platform/console++.js:263 in error
[ERROR - 2021-06-07T22:21:59.854Z] Session [af8db920-c7de-11eb-85be-35c12744dd09] - page.onError - stack:
  a (https://m.media-amazon.com/images/S/sash/BbGrbt8J7kDPrdu.js:1)
  (anonymous function) (https://m.media-amazon.com/images/S/sash/BbGrbt8J7kDPrdu.js:1)
  forEach (:0)
  value (https://m.media-amazon.com/images/S/sash/BbGrbt8J7kDPrdu.js:1)
  f (https://m.media-amazon.com/images/S/sash/BbGrbt8J7kDPrdu.js:1)
  g (https://m.media-amazon.com/images/S/sash/BbGrbt8J7kDPrdu.js:1)
  e (https://m.media-amazon.com/images/S/sash/BbGrbt8J7kDPrdu.js:1)
  r (https://m.media-amazon.com/images/S/sash/BbGrbt8J7kDPrdu.js:1)
  success (https://m.media-amazon.com/images/S/sash/BbGrbt8J7kDPrdu.js:1)
  k (https://m.media-amazon.com/images/S/sash/EbJ50esdfIcjt2R.js:94)
  fireWith (https://m.media-amazon.com/images/S/sash/EbJ50esdfIcjt2R.js:94)
  d (https://m.media-amazon.com/images/S/sash/EbJ50esdfIcjt2R.js:95)
  (anonymous function) (https://m.media-amazon.com/images/S/sash/EbJ50esdfIcjt2R.js:96)

  phantomjs://platform/console++.js:263 in error
[ERROR - 2021-06-07T22:22:00.922Z] Session [af8db920-c7de-11eb-85be-35c12744dd09] - page.onError - msg: TypeError: null is not an object (evaluating 'this.widget.dataset')

  phantomjs://platform/console++.js:263 in error
[ERROR - 2021-06-07T22:22:00.922Z] Session [af8db920-c7de-11eb-85be-35c12744dd09] - page.onError - stack:
  a (https://m.media-amazon.com/images/S/sash/BbGrbt8J7kDPrdu.js:1)
  (anonymous function) (https://m.media-amazon.com/images/S/sash/BbGrbt8J7kDPrdu.js:1)
  forEach (:0)
  value (https://m.media-amazon.com/images/S/sash/BbGrbt8J7kDPrdu.js:1)
  f (https://m.media-amazon.com/images/S/sash/BbGrbt8J7kDPrdu.js:1)
  g (https://m.media-amazon.com/images/S/sash/BbGrbt8J7kDPrdu.js:1)
  e (https://m.media-amazon.com/images/S/sash/BbGrbt8J7kDPrdu.js:1)
  r (https://m.media-amazon.com/images/S/sash/BbGrbt8J7kDPrdu.js:1)
  success (https://m.media-amazon.com/images/S/sash/BbGrbt8J7kDPrdu.js:1)
  k (https://m.media-amazon.com/images/S/sash/EbJ50esdfIcjt2R.js:94)
  fireWith (https://m.media-amazon.com/images/S/sash/EbJ50esdfIcjt2R.js:94)
  d (https://m.media-amazon.com/images/S/sash/EbJ50esdfIcjt2R.js:95)
  (anonymous function) (https://m.media-amazon.com/images/S/sash/EbJ50esdfIcjt2R.js:96)

  phantomjs://platform/console++.js:263 in error
[ERROR - 2021-06-07T22:22:01.941Z] Session [af8db920-c7de-11eb-85be-35c12744dd09] - page.onError - msg: TypeError: null is not an object (evaluating 'this.widget.dataset')

  phantomjs://platform/console++.js:263 in error
[ERROR - 2021-06-07T22:22:01.941Z] Session [af8db920-c7de-11eb-85be-35c12744dd09] - page.onError - stack:
  a (https://m.media-amazon.com/images/S/sash/BbGrbt8J7kDPrdu.js:1)
  (anonymous function) (https://m.media-amazon.com/images/S/sash/BbGrbt8J7kDPrdu.js:1)
  forEach (:0)
  value (https://m.media-amazon.com/images/S/sash/BbGrbt8J7kDPrdu.js:1)
  f (https://m.media-amazon.com/images/S/sash/BbGrbt8J7kDPrdu.js:1)
  g (https://m.media-amazon.com/images/S/sash/BbGrbt8J7kDPrdu.js:1)
  e (https://m.media-amazon.com/images/S/sash/BbGrbt8J7kDPrdu.js:1)
  r (https://m.media-amazon.com/images/S/sash/BbGrbt8J7kDPrdu.js:1)
  success (https://m.media-amazon.com/images/S/sash/BbGrbt8J7kDPrdu.js:1)
  k (https://m.media-amazon.com/images/S/sash/EbJ50esdfIcjt2R.js:94)
  fireWith (https://m.media-amazon.com/images/S/sash/EbJ50esdfIcjt2R.js:94)
  d (https://m.media-amazon.com/images/S/sash/EbJ50esdfIcjt2R.js:95)
  (anonymous function) (https://m.media-amazon.com/images/S/sash/EbJ50esdfIcjt2R.js:96)

  phantomjs://platform/console++.js:263 in error
[ERROR - 2021-06-07T22:22:02.986Z] Session [af8db920-c7de-11eb-85be-35c12744dd09] - page.onError - msg: TypeError: null is not an object (evaluating 'this.widget.dataset')

  phantomjs://platform/console++.js:263 in error
[ERROR - 2021-06-07T22:22:02.986Z] Session [af8db920-c7de-11eb-85be-35c12744dd09] - page.onError - stack:
  a (https://m.media-amazon.com/images/S/sash/BbGrbt8J7kDPrdu.js:1)
  (anonymous function) (https://m.media-amazon.com/images/S/sash/BbGrbt8J7kDPrdu.js:1)
  forEach (:0)
  value (https://m.media-amazon.com/images/S/sash/BbGrbt8J7kDPrdu.js:1)
  f (https://m.media-amazon.com/images/S/sash/BbGrbt8J7kDPrdu.js:1)
  g (https://m.media-amazon.com/images/S/sash/BbGrbt8J7kDPrdu.js:1)
  e (https://m.media-amazon.com/images/S/sash/BbGrbt8J7kDPrdu.js:1)
  r (https://m.media-amazon.com/images/S/sash/BbGrbt8J7kDPrdu.js:1)
  success (https://m.media-amazon.com/images/S/sash/BbGrbt8J7kDPrdu.js:1)
  k (https://m.media-amazon.com/images/S/sash/EbJ50esdfIcjt2R.js:94)
  fireWith (https://m.media-amazon.com/images/S/sash/EbJ50esdfIcjt2R.js:94)
  d (https://m.media-amazon.com/images/S/sash/EbJ50esdfIcjt2R.js:95)
  (anonymous function) (https://m.media-amazon.com/images/S/sash/EbJ50esdfIcjt2R.js:96)

  phantomjs://platform/console++.js:263 in error
[ERROR - 2021-06-07T22:22:04.046Z] Session [af8db920-c7de-11eb-85be-35c12744dd09] - page.onError - msg: TypeError: null is not an object (evaluating 'this.widget.dataset')

  phantomjs://platform/console++.js:263 in error
[ERROR - 2021-06-07T22:22:04.046Z] Session [af8db920-c7de-11eb-85be-35c12744dd09] - page.onError - stack:
  a (https://m.media-amazon.com/images/S/sash/BbGrbt8J7kDPrdu.js:1)
  (anonymous function) (https://m.media-amazon.com/images/S/sash/BbGrbt8J7kDPrdu.js:1)
  forEach (:0)
  value (https://m.media-amazon.com/images/S/sash/BbGrbt8J7kDPrdu.js:1)
  f (https://m.media-amazon.com/images/S/sash/BbGrbt8J7kDPrdu.js:1)
  g (https://m.media-amazon.com/images/S/sash/BbGrbt8J7kDPrdu.js:1)
  e (https://m.media-amazon.com/images/S/sash/BbGrbt8J7kDPrdu.js:1)
  r (https://m.media-amazon.com/images/S/sash/BbGrbt8J7kDPrdu.js:1)
  success (https://m.media-amazon.com/images/S/sash/BbGrbt8J7kDPrdu.js:1)
  k (https://m.media-amazon.com/images/S/sash/EbJ50esdfIcjt2R.js:94)
  fireWith (https://m.media-amazon.com/images/S/sash/EbJ50esdfIcjt2R.js:94)
  d (https://m.media-amazon.com/images/S/sash/EbJ50esdfIcjt2R.js:95)
  (anonymous function) (https://m.media-amazon.com/images/S/sash/EbJ50esdfIcjt2R.js:96)

  phantomjs://platform/console++.js:263 in error
[ERROR - 2021-06-07T22:22:05.084Z] Session [af8db920-c7de-11eb-85be-35c12744dd09] - page.onError - msg: TypeError: null is not an object (evaluating 'this.widget.dataset')

  phantomjs://platform/console++.js:263 in error
[ERROR - 2021-06-07T22:22:05.084Z] Session [af8db920-c7de-11eb-85be-35c12744dd09] - page.onError - stack:
  a (https://m.media-amazon.com/images/S/sash/BbGrbt8J7kDPrdu.js:1)
  (anonymous function) (https://m.media-amazon.com/images/S/sash/BbGrbt8J7kDPrdu.js:1)
  forEach (:0)
  value (https://m.media-amazon.com/images/S/sash/BbGrbt8J7kDPrdu.js:1)
  f (https://m.media-amazon.com/images/S/sash/BbGrbt8J7kDPrdu.js:1)
  g (https://m.media-amazon.com/images/S/sash/BbGrbt8J7kDPrdu.js:1)
  e (https://m.media-amazon.com/images/S/sash/BbGrbt8J7kDPrdu.js:1)
  r (https://m.media-amazon.com/images/S/sash/BbGrbt8J7kDPrdu.js:1)
  success (https://m.media-amazon.com/images/S/sash/BbGrbt8J7kDPrdu.js:1)
  k (https://m.media-amazon.com/images/S/sash/EbJ50esdfIcjt2R.js:94)
  fireWith (https://m.media-amazon.com/images/S/sash/EbJ50esdfIcjt2R.js:94)
  d (https://m.media-amazon.com/images/S/sash/EbJ50esdfIcjt2R.js:95)
  (anonymous function) (https://m.media-amazon.com/images/S/sash/EbJ50esdfIcjt2R.js:96)

  phantomjs://platform/console++.js:263 in error
[ERROR - 2021-06-07T22:22:06.150Z] Session [af8db920-c7de-11eb-85be-35c12744dd09] - page.onError - msg: TypeError: null is not an object (evaluating 'this.widget.dataset')

  phantomjs://platform/console++.js:263 in error
[ERROR - 2021-06-07T22:22:06.150Z] Session [af8db920-c7de-11eb-85be-35c12744dd09] - page.onError - stack:
  a (https://m.media-amazon.com/images/S/sash/BbGrbt8J7kDPrdu.js:1)
  (anonymous function) (https://m.media-amazon.com/images/S/sash/BbGrbt8J7kDPrdu.js:1)
  forEach (:0)
  value (https://m.media-amazon.com/images/S/sash/BbGrbt8J7kDPrdu.js:1)
  f (https://m.media-amazon.com/images/S/sash/BbGrbt8J7kDPrdu.js:1)
  g (https://m.media-amazon.com/images/S/sash/BbGrbt8J7kDPrdu.js:1)
  e (https://m.media-amazon.com/images/S/sash/BbGrbt8J7kDPrdu.js:1)
  r (https://m.media-amazon.com/images/S/sash/BbGrbt8J7kDPrdu.js:1)
  success (https://m.media-amazon.com/images/S/sash/BbGrbt8J7kDPrdu.js:1)
  k (https://m.media-amazon.com/images/S/sash/EbJ50esdfIcjt2R.js:94)
  fireWith (https://m.media-amazon.com/images/S/sash/EbJ50esdfIcjt2R.js:94)
  d (https://m.media-amazon.com/images/S/sash/EbJ50esdfIcjt2R.js:95)
  (anonymous function) (https://m.media-amazon.com/images/S/sash/EbJ50esdfIcjt2R.js:96)

  phantomjs://platform/console++.js:263 in error
[ERROR - 2021-06-07T22:22:07.185Z] Session [af8db920-c7de-11eb-85be-35c12744dd09] - page.onError - msg: TypeError: null is not an object (evaluating 'this.widget.dataset')

  phantomjs://platform/console++.js:263 in error
[ERROR - 2021-06-07T22:22:07.185Z] Session [af8db920-c7de-11eb-85be-35c12744dd09] - page.onError - stack:
  a (https://m.media-amazon.com/images/S/sash/BbGrbt8J7kDPrdu.js:1)
  (anonymous function) (https://m.media-amazon.com/images/S/sash/BbGrbt8J7kDPrdu.js:1)
  forEach (:0)
  value (https://m.media-amazon.com/images/S/sash/BbGrbt8J7kDPrdu.js:1)
  f (https://m.media-amazon.com/images/S/sash/BbGrbt8J7kDPrdu.js:1)
  g (https://m.media-amazon.com/images/S/sash/BbGrbt8J7kDPrdu.js:1)
  e (https://m.media-amazon.com/images/S/sash/BbGrbt8J7kDPrdu.js:1)
  r (https://m.media-amazon.com/images/S/sash/BbGrbt8J7kDPrdu.js:1)
  success (https://m.media-amazon.com/images/S/sash/BbGrbt8J7kDPrdu.js:1)
  k (https://m.media-amazon.com/images/S/sash/EbJ50esdfIcjt2R.js:94)
  fireWith (https://m.media-amazon.com/images/S/sash/EbJ50esdfIcjt2R.js:94)
  d (https://m.media-amazon.com/images/S/sash/EbJ50esdfIcjt2R.js:95)
  (anonymous function) (https://m.media-amazon.com/images/S/sash/EbJ50esdfIcjt2R.js:96)

  phantomjs://platform/console++.js:263 in error
[ERROR - 2021-06-07T22:22:08.237Z] Session [af8db920-c7de-11eb-85be-35c12744dd09] - page.onError - msg: TypeError: null is not an object (evaluating 'this.widget.dataset')

  phantomjs://platform/console++.js:263 in error
[ERROR - 2021-06-07T22:22:08.237Z] Session [af8db920-c7de-11eb-85be-35c12744dd09] - page.onError - stack:
  a (https://m.media-amazon.com/images/S/sash/BbGrbt8J7kDPrdu.js:1)
  (anonymous function) (https://m.media-amazon.com/images/S/sash/BbGrbt8J7kDPrdu.js:1)
  forEach (:0)
  value (https://m.media-amazon.com/images/S/sash/BbGrbt8J7kDPrdu.js:1)
  f (https://m.media-amazon.com/images/S/sash/BbGrbt8J7kDPrdu.js:1)
  g (https://m.media-amazon.com/images/S/sash/BbGrbt8J7kDPrdu.js:1)
  e (https://m.media-amazon.com/images/S/sash/BbGrbt8J7kDPrdu.js:1)
  r (https://m.media-amazon.com/images/S/sash/BbGrbt8J7kDPrdu.js:1)
  success (https://m.media-amazon.com/images/S/sash/BbGrbt8J7kDPrdu.js:1)
  k (https://m.media-amazon.com/images/S/sash/EbJ50esdfIcjt2R.js:94)
  fireWith (https://m.media-amazon.com/images/S/sash/EbJ50esdfIcjt2R.js:94)
  d (https://m.media-amazon.com/images/S/sash/EbJ50esdfIcjt2R.js:95)
  (anonymous function) (https://m.media-amazon.com/images/S/sash/EbJ50esdfIcjt2R.js:96)

  phantomjs://platform/console++.js:263 in error
[ERROR - 2021-06-07T22:22:09.295Z] Session [af8db920-c7de-11eb-85be-35c12744dd09] - page.onError - msg: TypeError: null is not an object (evaluating 'this.widget.dataset')

  phantomjs://platform/console++.js:263 in error
[ERROR - 2021-06-07T22:22:09.295Z] Session [af8db920-c7de-11eb-85be-35c12744dd09] - page.onError - stack:
  a (https://m.media-amazon.com/images/S/sash/BbGrbt8J7kDPrdu.js:1)
  (anonymous function) (https://m.media-amazon.com/images/S/sash/BbGrbt8J7kDPrdu.js:1)
  forEach (:0)
  value (https://m.media-amazon.com/images/S/sash/BbGrbt8J7kDPrdu.js:1)
  f (https://m.media-amazon.com/images/S/sash/BbGrbt8J7kDPrdu.js:1)
  g (https://m.media-amazon.com/images/S/sash/BbGrbt8J7kDPrdu.js:1)
  e (https://m.media-amazon.com/images/S/sash/BbGrbt8J7kDPrdu.js:1)
  r (https://m.media-amazon.com/images/S/sash/BbGrbt8J7kDPrdu.js:1)
  success (https://m.media-amazon.com/images/S/sash/BbGrbt8J7kDPrdu.js:1)
  k (https://m.media-amazon.com/images/S/sash/EbJ50esdfIcjt2R.js:94)
  fireWith (https://m.media-amazon.com/images/S/sash/EbJ50esdfIcjt2R.js:94)
  d (https://m.media-amazon.com/images/S/sash/EbJ50esdfIcjt2R.js:95)
  (anonymous function) (https://m.media-amazon.com/images/S/sash/EbJ50esdfIcjt2R.js:96)

  phantomjs://platform/console++.js:263 in error
[ERROR - 2021-06-07T22:22:10.352Z] Session [af8db920-c7de-11eb-85be-35c12744dd09] - page.onError - msg: TypeError: null is not an object (evaluating 'this.widget.dataset')

  phantomjs://platform/console++.js:263 in error
[ERROR - 2021-06-07T22:22:10.352Z] Session [af8db920-c7de-11eb-85be-35c12744dd09] - page.onError - stack:
  a (https://m.media-amazon.com/images/S/sash/BbGrbt8J7kDPrdu.js:1)
  (anonymous function) (https://m.media-amazon.com/images/S/sash/BbGrbt8J7kDPrdu.js:1)
  forEach (:0)
  value (https://m.media-amazon.com/images/S/sash/BbGrbt8J7kDPrdu.js:1)
  f (https://m.media-amazon.com/images/S/sash/BbGrbt8J7kDPrdu.js:1)
  g (https://m.media-amazon.com/images/S/sash/BbGrbt8J7kDPrdu.js:1)
  e (https://m.media-amazon.com/images/S/sash/BbGrbt8J7kDPrdu.js:1)
  r (https://m.media-amazon.com/images/S/sash/BbGrbt8J7kDPrdu.js:1)
  success (https://m.media-amazon.com/images/S/sash/BbGrbt8J7kDPrdu.js:1)
  k (https://m.media-amazon.com/images/S/sash/EbJ50esdfIcjt2R.js:94)
  fireWith (https://m.media-amazon.com/images/S/sash/EbJ50esdfIcjt2R.js:94)
  d (https://m.media-amazon.com/images/S/sash/EbJ50esdfIcjt2R.js:95)
  (anonymous function) (https://m.media-amazon.com/images/S/sash/EbJ50esdfIcjt2R.js:96)

  phantomjs://platform/console++.js:263 in error
[ERROR - 2021-06-07T22:22:11.408Z] Session [af8db920-c7de-11eb-85be-35c12744dd09] - page.onError - msg: TypeError: null is not an object (evaluating 'this.widget.dataset')

  phantomjs://platform/console++.js:263 in error
[ERROR - 2021-06-07T22:22:11.408Z] Session [af8db920-c7de-11eb-85be-35c12744dd09] - page.onError - stack:
  a (https://m.media-amazon.com/images/S/sash/BbGrbt8J7kDPrdu.js:1)
  (anonymous function) (https://m.media-amazon.com/images/S/sash/BbGrbt8J7kDPrdu.js:1)
  forEach (:0)
  value (https://m.media-amazon.com/images/S/sash/BbGrbt8J7kDPrdu.js:1)
  f (https://m.media-amazon.com/images/S/sash/BbGrbt8J7kDPrdu.js:1)
  g (https://m.media-amazon.com/images/S/sash/BbGrbt8J7kDPrdu.js:1)
  e (https://m.media-amazon.com/images/S/sash/BbGrbt8J7kDPrdu.js:1)
  r (https://m.media-amazon.com/images/S/sash/BbGrbt8J7kDPrdu.js:1)
  success (https://m.media-amazon.com/images/S/sash/BbGrbt8J7kDPrdu.js:1)
  k (https://m.media-amazon.com/images/S/sash/EbJ50esdfIcjt2R.js:94)
  fireWith (https://m.media-amazon.com/images/S/sash/EbJ50esdfIcjt2R.js:94)
  d (https://m.media-amazon.com/images/S/sash/EbJ50esdfIcjt2R.js:95)
  (anonymous function) (https://m.media-amazon.com/images/S/sash/EbJ50esdfIcjt2R.js:96)

  phantomjs://platform/console++.js:263 in error
[ERROR - 2021-06-07T22:22:12.420Z] Session [af8db920-c7de-11eb-85be-35c12744dd09] - page.onError - msg: TypeError: null is not an object (evaluating 'this.widget.dataset')

  phantomjs://platform/console++.js:263 in error
[ERROR - 2021-06-07T22:22:12.420Z] Session [af8db920-c7de-11eb-85be-35c12744dd09] - page.onError - stack:
  a (https://m.media-amazon.com/images/S/sash/BbGrbt8J7kDPrdu.js:1)
  (anonymous function) (https://m.media-amazon.com/images/S/sash/BbGrbt8J7kDPrdu.js:1)
  forEach (:0)
  value (https://m.media-amazon.com/images/S/sash/BbGrbt8J7kDPrdu.js:1)
  f (https://m.media-amazon.com/images/S/sash/BbGrbt8J7kDPrdu.js:1)
  g (https://m.media-amazon.com/images/S/sash/BbGrbt8J7kDPrdu.js:1)
  e (https://m.media-amazon.com/images/S/sash/BbGrbt8J7kDPrdu.js:1)
  r (https://m.media-amazon.com/images/S/sash/BbGrbt8J7kDPrdu.js:1)
  success (https://m.media-amazon.com/images/S/sash/BbGrbt8J7kDPrdu.js:1)
  k (https://m.media-amazon.com/images/S/sash/EbJ50esdfIcjt2R.js:94)
  fireWith (https://m.media-amazon.com/images/S/sash/EbJ50esdfIcjt2R.js:94)
  d (https://m.media-amazon.com/images/S/sash/EbJ50esdfIcjt2R.js:95)
  (anonymous function) (https://m.media-amazon.com/images/S/sash/EbJ50esdfIcjt2R.js:96)

  phantomjs://platform/console++.js:263 in error
[ERROR - 2021-06-07T22:22:13.517Z] Session [af8db920-c7de-11eb-85be-35c12744dd09] - page.onError - msg: TypeError: null is not an object (evaluating 'this.widget.dataset')

  phantomjs://platform/console++.js:263 in error
[ERROR - 2021-06-07T22:22:13.517Z] Session [af8db920-c7de-11eb-85be-35c12744dd09] - page.onError - stack:
  a (https://m.media-amazon.com/images/S/sash/BbGrbt8J7kDPrdu.js:1)
  (anonymous function) (https://m.media-amazon.com/images/S/sash/BbGrbt8J7kDPrdu.js:1)
  forEach (:0)
  value (https://m.media-amazon.com/images/S/sash/BbGrbt8J7kDPrdu.js:1)
  f (https://m.media-amazon.com/images/S/sash/BbGrbt8J7kDPrdu.js:1)
  g (https://m.media-amazon.com/images/S/sash/BbGrbt8J7kDPrdu.js:1)
  e (https://m.media-amazon.com/images/S/sash/BbGrbt8J7kDPrdu.js:1)
  r (https://m.media-amazon.com/images/S/sash/BbGrbt8J7kDPrdu.js:1)
  success (https://m.media-amazon.com/images/S/sash/BbGrbt8J7kDPrdu.js:1)
  k (https://m.media-amazon.com/images/S/sash/EbJ50esdfIcjt2R.js:94)
  fireWith (https://m.media-amazon.com/images/S/sash/EbJ50esdfIcjt2R.js:94)
  d (https://m.media-amazon.com/images/S/sash/EbJ50esdfIcjt2R.js:95)
  (anonymous function) (https://m.media-amazon.com/images/S/sash/EbJ50esdfIcjt2R.js:96)

  phantomjs://platform/console++.js:263 in error
[ERROR - 2021-06-07T22:22:14.561Z] Session [af8db920-c7de-11eb-85be-35c12744dd09] - page.onError - msg: TypeError: null is not an object (evaluating 'this.widget.dataset')

  phantomjs://platform/console++.js:263 in error
[ERROR - 2021-06-07T22:22:14.561Z] Session [af8db920-c7de-11eb-85be-35c12744dd09] - page.onError - stack:
  a (https://m.media-amazon.com/images/S/sash/BbGrbt8J7kDPrdu.js:1)
  (anonymous function) (https://m.media-amazon.com/images/S/sash/BbGrbt8J7kDPrdu.js:1)
  forEach (:0)
  value (https://m.media-amazon.com/images/S/sash/BbGrbt8J7kDPrdu.js:1)
  f (https://m.media-amazon.com/images/S/sash/BbGrbt8J7kDPrdu.js:1)
  g (https://m.media-amazon.com/images/S/sash/BbGrbt8J7kDPrdu.js:1)
  e (https://m.media-amazon.com/images/S/sash/BbGrbt8J7kDPrdu.js:1)
  r (https://m.media-amazon.com/images/S/sash/BbGrbt8J7kDPrdu.js:1)
  success (https://m.media-amazon.com/images/S/sash/BbGrbt8J7kDPrdu.js:1)
  k (https://m.media-amazon.com/images/S/sash/EbJ50esdfIcjt2R.js:94)
  fireWith (https://m.media-amazon.com/images/S/sash/EbJ50esdfIcjt2R.js:94)
  d (https://m.media-amazon.com/images/S/sash/EbJ50esdfIcjt2R.js:95)
  (anonymous function) (https://m.media-amazon.com/images/S/sash/EbJ50esdfIcjt2R.js:96)

  phantomjs://platform/console++.js:263 in error
[ERROR - 2021-06-07T22:22:15.629Z] Session [af8db920-c7de-11eb-85be-35c12744dd09] - page.onError - msg: TypeError: null is not an object (evaluating 'this.widget.dataset')

  phantomjs://platform/console++.js:263 in error
[ERROR - 2021-06-07T22:22:15.629Z] Session [af8db920-c7de-11eb-85be-35c12744dd09] - page.onError - stack:
  a (https://m.media-amazon.com/images/S/sash/BbGrbt8J7kDPrdu.js:1)
  (anonymous function) (https://m.media-amazon.com/images/S/sash/BbGrbt8J7kDPrdu.js:1)
  forEach (:0)
  value (https://m.media-amazon.com/images/S/sash/BbGrbt8J7kDPrdu.js:1)
  f (https://m.media-amazon.com/images/S/sash/BbGrbt8J7kDPrdu.js:1)
  g (https://m.media-amazon.com/images/S/sash/BbGrbt8J7kDPrdu.js:1)
  e (https://m.media-amazon.com/images/S/sash/BbGrbt8J7kDPrdu.js:1)
  r (https://m.media-amazon.com/images/S/sash/BbGrbt8J7kDPrdu.js:1)
  success (https://m.media-amazon.com/images/S/sash/BbGrbt8J7kDPrdu.js:1)
  k (https://m.media-amazon.com/images/S/sash/EbJ50esdfIcjt2R.js:94)
  fireWith (https://m.media-amazon.com/images/S/sash/EbJ50esdfIcjt2R.js:94)
  d (https://m.media-amazon.com/images/S/sash/EbJ50esdfIcjt2R.js:95)
  (anonymous function) (https://m.media-amazon.com/images/S/sash/EbJ50esdfIcjt2R.js:96)

  phantomjs://platform/console++.js:263 in error
[ERROR - 2021-06-07T22:22:16.668Z] Session [af8db920-c7de-11eb-85be-35c12744dd09] - page.onError - msg: TypeError: null is not an object (evaluating 'this.widget.dataset')

  phantomjs://platform/console++.js:263 in error
[ERROR - 2021-06-07T22:22:16.669Z] Session [af8db920-c7de-11eb-85be-35c12744dd09] - page.onError - stack:
  a (https://m.media-amazon.com/images/S/sash/BbGrbt8J7kDPrdu.js:1)
  (anonymous function) (https://m.media-amazon.com/images/S/sash/BbGrbt8J7kDPrdu.js:1)
  forEach (:0)
  value (https://m.media-amazon.com/images/S/sash/BbGrbt8J7kDPrdu.js:1)
  f (https://m.media-amazon.com/images/S/sash/BbGrbt8J7kDPrdu.js:1)
  g (https://m.media-amazon.com/images/S/sash/BbGrbt8J7kDPrdu.js:1)
  e (https://m.media-amazon.com/images/S/sash/BbGrbt8J7kDPrdu.js:1)
  r (https://m.media-amazon.com/images/S/sash/BbGrbt8J7kDPrdu.js:1)
  success (https://m.media-amazon.com/images/S/sash/BbGrbt8J7kDPrdu.js:1)
  k (https://m.media-amazon.com/images/S/sash/EbJ50esdfIcjt2R.js:94)
  fireWith (https://m.media-amazon.com/images/S/sash/EbJ50esdfIcjt2R.js:94)
  d (https://m.media-amazon.com/images/S/sash/EbJ50esdfIcjt2R.js:95)
  (anonymous function) (https://m.media-amazon.com/images/S/sash/EbJ50esdfIcjt2R.js:96)

  phantomjs://platform/console++.js:263 in error
[INFO  - 2021-06-07T22:26:18.926Z] SessionManagerReqHand - _cleanupWindowlessSessions - Asynchronous Sessions clean-up phase starting NOW
[INFO  - 2021-06-07T22:31:18.928Z] SessionManagerReqHand - _cleanupWindowlessSessions - Asynchronous Sessions clean-up phase starting NOW
[INFO  - 2021-06-07T22:36:18.928Z] SessionManagerReqHand - _cleanupWindowlessSessions - Asynchronous Sessions clean-up phase starting NOW
[INFO  - 2021-06-07T22:41:18.928Z] SessionManagerReqHand - _cleanupWindowlessSessions - Asynchronous Sessions clean-up phase starting NOW
[INFO  - 2021-06-07T22:46:18.928Z] SessionManagerReqHand - _cleanupWindowlessSessions - Asynchronous Sessions clean-up phase starting NOW
[INFO  - 2021-06-07T22:51:18.929Z] SessionManagerReqHand - _cleanupWindowlessSessions - Asynchronous Sessions clean-up phase starting NOW
[INFO  - 2021-06-07T22:56:18.929Z] SessionManagerReqHand - _cleanupWindowlessSessions - Asynchronous Sessions clean-up phase starting NOW
[INFO  - 2021-06-07T23:01:18.929Z] SessionManagerReqHand - _cleanupWindowlessSessions - Asynchronous Sessions clean-up phase starting NOW
[INFO  - 2021-06-07T23:06:18.929Z] SessionManagerReqHand - _cleanupWindowlessSessions - Asynchronous Sessions clean-up phase starting NOW
[INFO  - 2021-06-07T23:11:18.929Z] SessionManagerReqHand - _cleanupWindowlessSessions - Asynchronous Sessions clean-up phase starting NOW
[INFO  - 2021-06-07T23:16:18.929Z] SessionManagerReqHand - _cleanupWindowlessSessions - Asynchronous Sessions clean-up phase starting NOW
[INFO  - 2021-06-07T23:21:18.929Z] SessionManagerReqHand - _cleanupWindowlessSessions - Asynchronous Sessions clean-up phase starting NOW
[INFO  - 2021-06-07T23:26:18.929Z] SessionManagerReqHand - _cleanupWindowlessSessions - Asynchronous Sessions clean-up phase starting NOW
[INFO  - 2021-06-07T23:31:18.929Z] SessionManagerReqHand - _cleanupWindowlessSessions - Asynchronous Sessions clean-up phase starting NOW
[INFO  - 2021-06-07T23:36:18.929Z] SessionManagerReqHand - _cleanupWindowlessSessions - Asynchronous Sessions clean-up phase starting NOW
[INFO  - 2021-06-07T23:41:18.929Z] SessionManagerReqHand - _cleanupWindowlessSessions - Asynchronous Sessions clean-up phase starting NOW
[INFO  - 2021-06-07T23:46:18.929Z] SessionManagerReqHand - _cleanupWindowlessSessions - Asynchronous Sessions clean-up phase starting NOW
[INFO  - 2021-06-07T23:51:18.930Z] SessionManagerReqHand - _cleanupWindowlessSessions - Asynchronous Sessions clean-up phase starting NOW
[INFO  - 2021-06-07T23:56:18.930Z] SessionManagerReqHand - _cleanupWindowlessSessions - Asynchronous Sessions clean-up phase starting NOW
[INFO  - 2021-06-08T00:01:18.930Z] SessionManagerReqHand - _cleanupWindowlessSessions - Asynchronous Sessions clean-up phase starting NOW
[INFO  - 2021-06-08T00:06:18.930Z] SessionManagerReqHand - _cleanupWindowlessSessions - Asynchronous Sessions clean-up phase starting NOW
[INFO  - 2021-06-08T00:11:18.930Z] SessionManagerReqHand - _cleanupWindowlessSessions - Asynchronous Sessions clean-up phase starting NOW
[INFO  - 2021-06-08T00:16:18.930Z] SessionManagerReqHand - _cleanupWindowlessSessions - Asynchronous Sessions clean-up phase starting NOW
[INFO  - 2021-06-08T00:21:18.930Z] SessionManagerReqHand - _cleanupWindowlessSessions - Asynchronous Sessions clean-up phase starting NOW
[INFO  - 2021-06-08T00:26:18.930Z] SessionManagerReqHand - _cleanupWindowlessSessions - Asynchronous Sessions clean-up phase starting NOW
[INFO  - 2021-06-08T00:31:18.930Z] SessionManagerReqHand - _cleanupWindowlessSessions - Asynchronous Sessions clean-up phase starting NOW
[INFO  - 2021-06-08T00:36:18.930Z] SessionManagerReqHand - _cleanupWindowlessSessions - Asynchronous Sessions clean-up phase starting NOW
[INFO  - 2021-06-08T00:41:18.899Z] SessionManagerReqHand - _cleanupWindowlessSessions - Asynchronous Sessions clean-up phase starting NOW
[INFO  - 2021-06-08T00:46:18.899Z] SessionManagerReqHand - _cleanupWindowlessSessions - Asynchronous Sessions clean-up phase starting NOW
[INFO  - 2021-06-08T00:51:18.899Z] SessionManagerReqHand - _cleanupWindowlessSessions - Asynchronous Sessions clean-up phase starting NOW
[INFO  - 2021-06-08T00:56:18.899Z] SessionManagerReqHand - _cleanupWindowlessSessions - Asynchronous Sessions clean-up phase starting NOW
[INFO  - 2021-06-08T01:01:18.899Z] SessionManagerReqHand - _cleanupWindowlessSessions - Asynchronous Sessions clean-up phase starting NOW
[INFO  - 2021-06-08T01:06:18.899Z] SessionManagerReqHand - _cleanupWindowlessSessions - Asynchronous Sessions clean-up phase starting NOW
[INFO  - 2021-06-08T01:11:18.899Z] SessionManagerReqHand - _cleanupWindowlessSessions - Asynchronous Sessions clean-up phase starting NOW
[INFO  - 2021-06-08T01:16:18.899Z] SessionManagerReqHand - _cleanupWindowlessSessions - Asynchronous Sessions clean-up phase starting NOW
[INFO  - 2021-06-08T01:21:18.899Z] SessionManagerReqHand - _cleanupWindowlessSessions - Asynchronous Sessions clean-up phase starting NOW
[INFO  - 2021-06-08T01:26:18.899Z] SessionManagerReqHand - _cleanupWindowlessSessions - Asynchronous Sessions clean-up phase starting NOW
[INFO  - 2021-06-08T01:31:18.899Z] SessionManagerReqHand - _cleanupWindowlessSessions - Asynchronous Sessions clean-up phase starting NOW
[INFO  - 2021-06-08T01:36:18.899Z] SessionManagerReqHand - _cleanupWindowlessSessions - Asynchronous Sessions clean-up phase starting NOW
[INFO  - 2021-06-08T01:41:18.899Z] SessionManagerReqHand - _cleanupWindowlessSessions - Asynchronous Sessions clean-up phase starting NOW
[INFO  - 2021-06-08T01:46:18.899Z] SessionManagerReqHand - _cleanupWindowlessSessions - Asynchronous Sessions clean-up phase starting NOW
[INFO  - 2021-06-08T01:51:18.899Z] SessionManagerReqHand - _cleanupWindowlessSessions - Asynchronous Sessions clean-up phase starting NOW
[INFO  - 2021-06-08T01:56:18.899Z] SessionManagerReqHand - _cleanupWindowlessSessions - Asynchronous Sessions clean-up phase starting NOW
[INFO  - 2021-06-08T02:01:18.899Z] SessionManagerReqHand - _cleanupWindowlessSessions - Asynchronous Sessions clean-up phase starting NOW
[INFO  - 2021-06-08T02:06:18.899Z] SessionManagerReqHand - _cleanupWindowlessSessions - Asynchronous Sessions clean-up phase starting NOW
[INFO  - 2021-06-08T02:11:18.899Z] SessionManagerReqHand - _cleanupWindowlessSessions - Asynchronous Sessions clean-up phase starting NOW
[INFO  - 2021-06-08T02:16:18.899Z] SessionManagerReqHand - _cleanupWindowlessSessions - Asynchronous Sessions clean-up phase starting NOW
[INFO  - 2021-06-08T02:21:18.899Z] SessionManagerReqHand - _cleanupWindowlessSessions - Asynchronous Sessions clean-up phase starting NOW
